{"C:\\Users\\aathi\\OneDrive\\Documents\\Aathika\\My_Projects\\SDG-GOAL---Decent-work-and-economic-growth\\backend\\src\\config\\cloudinary.js": {"path":"C:\\Users\\aathi\\OneDrive\\Documents\\Aathika\\My_Projects\\SDG-GOAL---Decent-work-and-economic-growth\\backend\\src\\config\\cloudinary.js","statementMap":{"0":{"start":{"line":4,"column":0},"end":{"line":4,"column":16}},"1":{"start":{"line":6,"column":0},"end":{"line":11,"column":3}}},"fnMap":{},"branchMap":{},"s":{"0":0,"1":0},"f":{},"b":{}}
,"C:\\Users\\aathi\\OneDrive\\Documents\\Aathika\\My_Projects\\SDG-GOAL---Decent-work-and-economic-growth\\backend\\src\\config\\seed.js": {"path":"C:\\Users\\aathi\\OneDrive\\Documents\\Aathika\\My_Projects\\SDG-GOAL---Decent-work-and-economic-growth\\backend\\src\\config\\seed.js","statementMap":{"0":{"start":{"line":5,"column":0},"end":{"line":5,"column":16}},"1":{"start":{"line":7,"column":0},"end":{"line":7,"column":40}},"2":{"start":{"line":9,"column":18},"end":{"line":40,"column":1}},"3":{"start":{"line":10,"column":2},"end":{"line":39,"column":3}},"4":{"start":{"line":11,"column":4},"end":{"line":11,"column":28}},"5":{"start":{"line":13,"column":4},"end":{"line":32,"column":7}},"6":{"start":{"line":34,"column":4},"end":{"line":34,"column":42}},"7":{"start":{"line":35,"column":4},"end":{"line":35,"column":19}},"8":{"start":{"line":37,"column":4},"end":{"line":37,"column":25}},"9":{"start":{"line":38,"column":4},"end":{"line":38,"column":20}},"10":{"start":{"line":42,"column":0},"end":{"line":42,"column":12}}},"fnMap":{"0":{"name":"(anonymous_0)","decl":{"start":{"line":9,"column":18},"end":{"line":9,"column":19}},"loc":{"start":{"line":9,"column":30},"end":{"line":40,"column":1}},"line":9}},"branchMap":{},"s":{"0":0,"1":0,"2":0,"3":0,"4":0,"5":0,"6":0,"7":0,"8":0,"9":0,"10":0},"f":{"0":0},"b":{}}
,"C:\\Users\\aathi\\OneDrive\\Documents\\Aathika\\My_Projects\\SDG-GOAL---Decent-work-and-economic-growth\\backend\\src\\controllers\\advisorController.js": {"path":"C:\\Users\\aathi\\OneDrive\\Documents\\Aathika\\My_Projects\\SDG-GOAL---Decent-work-and-economic-growth\\backend\\src\\controllers\\advisorController.js","statementMap":{"0":{"start":{"line":6,"column":21},"end":{"line":6,"column":23}},"1":{"start":{"line":7,"column":20},"end":{"line":7,"column":24}},"2":{"start":{"line":9,"column":26},"end":{"line":13,"column":27}},"3":{"start":{"line":9,"column":39},"end":{"line":13,"column":27}},"4":{"start":{"line":16,"column":2},"end":{"line":16,"column":39}},"5":{"start":{"line":16,"column":27},"end":{"line":16,"column":39}},"6":{"start":{"line":17,"column":14},"end":{"line":17,"column":16}},"7":{"start":{"line":18,"column":2},"end":{"line":28,"column":3}},"8":{"start":{"line":19,"column":4},"end":{"line":19,"column":46}},"9":{"start":{"line":19,"column":37},"end":{"line":19,"column":46}},"10":{"start":{"line":20,"column":17},"end":{"line":20,"column":23}},"11":{"start":{"line":21,"column":4},"end":{"line":21,"column":58}},"12":{"start":{"line":21,"column":49},"end":{"line":21,"column":58}},"13":{"start":{"line":22,"column":18},"end":{"line":22,"column":27}},"14":{"start":{"line":23,"column":4},"end":{"line":23,"column":69}},"15":{"start":{"line":23,"column":37},"end":{"line":23,"column":69}},"16":{"start":{"line":24,"column":4},"end":{"line":24,"column":51}},"17":{"start":{"line":25,"column":4},"end":{"line":25,"column":27}},"18":{"start":{"line":25,"column":18},"end":{"line":25,"column":27}},"19":{"start":{"line":26,"column":4},"end":{"line":26,"column":32}},"20":{"start":{"line":27,"column":4},"end":{"line":27,"column":42}},"21":{"start":{"line":27,"column":36},"end":{"line":27,"column":42}},"22":{"start":{"line":29,"column":2},"end":{"line":29,"column":33}},"23":{"start":{"line":32,"column":27},"end":{"line":133,"column":1}},"24":{"start":{"line":33,"column":14},"end":{"line":33,"column":31}},"25":{"start":{"line":34,"column":2},"end":{"line":40,"column":3}},"26":{"start":{"line":35,"column":4},"end":{"line":39,"column":7}},"27":{"start":{"line":42,"column":20},"end":{"line":42,"column":56}},"28":{"start":{"line":43,"column":2},"end":{"line":47,"column":3}},"29":{"start":{"line":44,"column":4},"end":{"line":46,"column":7}},"30":{"start":{"line":49,"column":19},"end":{"line":49,"column":74}},"31":{"start":{"line":49,"column":56},"end":{"line":49,"column":73}},"32":{"start":{"line":50,"column":2},"end":{"line":52,"column":3}},"33":{"start":{"line":51,"column":4},"end":{"line":51,"column":83}},"34":{"start":{"line":55,"column":2},"end":{"line":74,"column":3}},"35":{"start":{"line":56,"column":20},"end":{"line":60,"column":13}},"36":{"start":{"line":62,"column":4},"end":{"line":67,"column":8}},"37":{"start":{"line":62,"column":34},"end":{"line":67,"column":5}},"38":{"start":{"line":69,"column":4},"end":{"line":69,"column":81}},"39":{"start":{"line":70,"column":4},"end":{"line":73,"column":7}},"40":{"start":{"line":76,"column":23},"end":{"line":76,"column":49}},"41":{"start":{"line":77,"column":16},"end":{"line":77,"column":66}},"42":{"start":{"line":78,"column":18},"end":{"line":81,"column":3}},"43":{"start":{"line":83,"column":2},"end":{"line":132,"column":3}},"44":{"start":{"line":84,"column":20},"end":{"line":95,"column":6}},"45":{"start":{"line":97,"column":41},"end":{"line":97,"column":48}},"46":{"start":{"line":98,"column":4},"end":{"line":104,"column":5}},"47":{"start":{"line":99,"column":32},"end":{"line":101,"column":8}},"48":{"start":{"line":102,"column":6},"end":{"line":102,"column":63}},"49":{"start":{"line":103,"column":6},"end":{"line":103,"column":53}},"50":{"start":{"line":106,"column":4},"end":{"line":112,"column":5}},"51":{"start":{"line":107,"column":32},"end":{"line":109,"column":8}},"52":{"start":{"line":110,"column":6},"end":{"line":110,"column":67}},"53":{"start":{"line":111,"column":6},"end":{"line":111,"column":53}},"54":{"start":{"line":114,"column":18},"end":{"line":114,"column":62}},"55":{"start":{"line":115,"column":19},"end":{"line":115,"column":52}},"56":{"start":{"line":116,"column":4},"end":{"line":125,"column":5}},"57":{"start":{"line":117,"column":6},"end":{"line":117,"column":113}},"58":{"start":{"line":118,"column":6},"end":{"line":124,"column":9}},"59":{"start":{"line":127,"column":4},"end":{"line":127,"column":24}},"60":{"start":{"line":129,"column":30},"end":{"line":129,"column":58}},"61":{"start":{"line":130,"column":4},"end":{"line":130,"column":62}},"62":{"start":{"line":131,"column":4},"end":{"line":131,"column":44}}},"fnMap":{"0":{"name":"(anonymous_0)","decl":{"start":{"line":9,"column":26},"end":{"line":9,"column":27}},"loc":{"start":{"line":9,"column":39},"end":{"line":13,"column":27}},"line":9},"1":{"name":"sanitizeMessages","decl":{"start":{"line":15,"column":9},"end":{"line":15,"column":25}},"loc":{"start":{"line":15,"column":31},"end":{"line":30,"column":1}},"line":15},"2":{"name":"(anonymous_2)","decl":{"start":{"line":32,"column":27},"end":{"line":32,"column":28}},"loc":{"start":{"line":32,"column":47},"end":{"line":133,"column":1}},"line":32},"3":{"name":"(anonymous_3)","decl":{"start":{"line":49,"column":49},"end":{"line":49,"column":50}},"loc":{"start":{"line":49,"column":56},"end":{"line":49,"column":73}},"line":49},"4":{"name":"(anonymous_4)","decl":{"start":{"line":62,"column":26},"end":{"line":62,"column":27}},"loc":{"start":{"line":62,"column":34},"end":{"line":67,"column":5}},"line":62}},"branchMap":{"0":{"loc":{"start":{"line":16,"column":2},"end":{"line":16,"column":39}},"type":"if","locations":[{"start":{"line":16,"column":2},"end":{"line":16,"column":39}},{"start":{},"end":{}}],"line":16},"1":{"loc":{"start":{"line":19,"column":4},"end":{"line":19,"column":46}},"type":"if","locations":[{"start":{"line":19,"column":4},"end":{"line":19,"column":46}},{"start":{},"end":{}}],"line":19},"2":{"loc":{"start":{"line":19,"column":8},"end":{"line":19,"column":35}},"type":"binary-expr","locations":[{"start":{"line":19,"column":8},"end":{"line":19,"column":10}},{"start":{"line":19,"column":14},"end":{"line":19,"column":35}}],"line":19},"3":{"loc":{"start":{"line":21,"column":4},"end":{"line":21,"column":58}},"type":"if","locations":[{"start":{"line":21,"column":4},"end":{"line":21,"column":58}},{"start":{},"end":{}}],"line":21},"4":{"loc":{"start":{"line":21,"column":8},"end":{"line":21,"column":47}},"type":"binary-expr","locations":[{"start":{"line":21,"column":8},"end":{"line":21,"column":23}},{"start":{"line":21,"column":27},"end":{"line":21,"column":47}}],"line":21},"5":{"loc":{"start":{"line":23,"column":4},"end":{"line":23,"column":69}},"type":"if","locations":[{"start":{"line":23,"column":4},"end":{"line":23,"column":69}},{"start":{},"end":{}}],"line":23},"6":{"loc":{"start":{"line":23,"column":54},"end":{"line":23,"column":67}},"type":"binary-expr","locations":[{"start":{"line":23,"column":54},"end":{"line":23,"column":61}},{"start":{"line":23,"column":65},"end":{"line":23,"column":67}}],"line":23},"7":{"loc":{"start":{"line":25,"column":4},"end":{"line":25,"column":27}},"type":"if","locations":[{"start":{"line":25,"column":4},"end":{"line":25,"column":27}},{"start":{},"end":{}}],"line":25},"8":{"loc":{"start":{"line":27,"column":4},"end":{"line":27,"column":42}},"type":"if","locations":[{"start":{"line":27,"column":4},"end":{"line":27,"column":42}},{"start":{},"end":{}}],"line":27},"9":{"loc":{"start":{"line":29,"column":9},"end":{"line":29,"column":32}},"type":"cond-expr","locations":[{"start":{"line":29,"column":22},"end":{"line":29,"column":25}},{"start":{"line":29,"column":28},"end":{"line":29,"column":32}}],"line":29},"10":{"loc":{"start":{"line":34,"column":2},"end":{"line":40,"column":3}},"type":"if","locations":[{"start":{"line":34,"column":2},"end":{"line":40,"column":3}},{"start":{},"end":{}}],"line":34},"11":{"loc":{"start":{"line":43,"column":2},"end":{"line":47,"column":3}},"type":"if","locations":[{"start":{"line":43,"column":2},"end":{"line":47,"column":3}},{"start":{},"end":{}}],"line":43},"12":{"loc":{"start":{"line":50,"column":2},"end":{"line":52,"column":3}},"type":"if","locations":[{"start":{"line":50,"column":2},"end":{"line":52,"column":3}},{"start":{},"end":{}}],"line":50},"13":{"loc":{"start":{"line":65,"column":16},"end":{"line":65,"column":32}},"type":"binary-expr","locations":[{"start":{"line":65,"column":16},"end":{"line":65,"column":26}},{"start":{"line":65,"column":30},"end":{"line":65,"column":32}}],"line":65},"14":{"loc":{"start":{"line":66,"column":20},"end":{"line":66,"column":39}},"type":"binary-expr","locations":[{"start":{"line":66,"column":20},"end":{"line":66,"column":33}},{"start":{"line":66,"column":37},"end":{"line":66,"column":39}}],"line":66},"15":{"loc":{"start":{"line":69,"column":56},"end":{"line":69,"column":79}},"type":"binary-expr","locations":[{"start":{"line":69,"column":56},"end":{"line":69,"column":70}},{"start":{"line":69,"column":74},"end":{"line":69,"column":79}}],"line":69},"16":{"loc":{"start":{"line":77,"column":17},"end":{"line":77,"column":58}},"type":"binary-expr","locations":[{"start":{"line":77,"column":17},"end":{"line":77,"column":41}},{"start":{"line":77,"column":45},"end":{"line":77,"column":58}}],"line":77},"17":{"loc":{"start":{"line":78,"column":19},"end":{"line":78,"column":77}},"type":"binary-expr","locations":[{"start":{"line":78,"column":19},"end":{"line":78,"column":46}},{"start":{"line":78,"column":50},"end":{"line":78,"column":77}}],"line":78},"18":{"loc":{"start":{"line":98,"column":4},"end":{"line":104,"column":5}},"type":"if","locations":[{"start":{"line":98,"column":4},"end":{"line":104,"column":5}},{"start":{},"end":{}}],"line":98},"19":{"loc":{"start":{"line":98,"column":8},"end":{"line":98,"column":45}},"type":"binary-expr","locations":[{"start":{"line":98,"column":8},"end":{"line":98,"column":24}},{"start":{"line":98,"column":28},"end":{"line":98,"column":45}}],"line":98},"20":{"loc":{"start":{"line":106,"column":4},"end":{"line":112,"column":5}},"type":"if","locations":[{"start":{"line":106,"column":4},"end":{"line":112,"column":5}},{"start":{},"end":{}}],"line":106},"21":{"loc":{"start":{"line":116,"column":4},"end":{"line":125,"column":5}},"type":"if","locations":[{"start":{"line":116,"column":4},"end":{"line":125,"column":5}},{"start":{},"end":{}}],"line":116},"22":{"loc":{"start":{"line":120,"column":10},"end":{"line":122,"column":99}},"type":"cond-expr","locations":[{"start":{"line":121,"column":14},"end":{"line":121,"column":75}},{"start":{"line":122,"column":14},"end":{"line":122,"column":99}}],"line":120},"23":{"loc":{"start":{"line":130,"column":31},"end":{"line":130,"column":60}},"type":"binary-expr","locations":[{"start":{"line":130,"column":31},"end":{"line":130,"column":47}},{"start":{"line":130,"column":51},"end":{"line":130,"column":60}}],"line":130}},"s":{"0":0,"1":0,"2":0,"3":0,"4":0,"5":0,"6":0,"7":0,"8":0,"9":0,"10":0,"11":0,"12":0,"13":0,"14":0,"15":0,"16":0,"17":0,"18":0,"19":0,"20":0,"21":0,"22":0,"23":0,"24":0,"25":0,"26":0,"27":0,"28":0,"29":0,"30":0,"31":0,"32":0,"33":0,"34":0,"35":0,"36":0,"37":0,"38":0,"39":0,"40":0,"41":0,"42":0,"43":0,"44":0,"45":0,"46":0,"47":0,"48":0,"49":0,"50":0,"51":0,"52":0,"53":0,"54":0,"55":0,"56":0,"57":0,"58":0,"59":0,"60":0,"61":0,"62":0},"f":{"0":0,"1":0,"2":0,"3":0,"4":0},"b":{"0":[0,0],"1":[0,0],"2":[0,0],"3":[0,0],"4":[0,0],"5":[0,0],"6":[0,0],"7":[0,0],"8":[0,0],"9":[0,0],"10":[0,0],"11":[0,0],"12":[0,0],"13":[0,0],"14":[0,0],"15":[0,0],"16":[0,0],"17":[0,0],"18":[0,0],"19":[0,0],"20":[0,0],"21":[0,0],"22":[0,0],"23":[0,0]}}
,"C:\\Users\\aathi\\OneDrive\\Documents\\Aathika\\My_Projects\\SDG-GOAL---Decent-work-and-economic-growth\\backend\\src\\controllers\\applicationController.js": {"path":"C:\\Users\\aathi\\OneDrive\\Documents\\Aathika\\My_Projects\\SDG-GOAL---Decent-work-and-economic-growth\\backend\\src\\controllers\\applicationController.js","statementMap":{"0":{"start":{"line":10,"column":27},"end":{"line":31,"column":1}},"1":{"start":{"line":11,"column":19},"end":{"line":11,"column":35}},"2":{"start":{"line":12,"column":2},"end":{"line":12,"column":79}},"3":{"start":{"line":12,"column":20},"end":{"line":12,"column":79}},"4":{"start":{"line":14,"column":17},"end":{"line":14,"column":45}},"5":{"start":{"line":15,"column":21},"end":{"line":15,"column":43}},"6":{"start":{"line":16,"column":14},"end":{"line":16,"column":70}},"7":{"start":{"line":18,"column":13},"end":{"line":18,"column":15}},"8":{"start":{"line":19,"column":2},"end":{"line":23,"column":3}},"9":{"start":{"line":19,"column":21},"end":{"line":19,"column":22}},"10":{"start":{"line":20,"column":17},"end":{"line":20,"column":43}},"11":{"start":{"line":21,"column":20},"end":{"line":21,"column":47}},"12":{"start":{"line":22,"column":4},"end":{"line":22,"column":64}},"13":{"start":{"line":22,"column":38},"end":{"line":22,"column":46}},"14":{"start":{"line":25,"column":18},"end":{"line":25,"column":29}},"15":{"start":{"line":26,"column":2},"end":{"line":29,"column":3}},"16":{"start":{"line":27,"column":4},"end":{"line":27,"column":57}},"17":{"start":{"line":28,"column":4},"end":{"line":28,"column":14}},"18":{"start":{"line":30,"column":2},"end":{"line":30,"column":17}},"19":{"start":{"line":33,"column":26},"end":{"line":37,"column":2}},"20":{"start":{"line":33,"column":43},"end":{"line":37,"column":1}},"21":{"start":{"line":41,"column":34},"end":{"line":129,"column":1}},"22":{"start":{"line":42,"column":2},"end":{"line":128,"column":3}},"23":{"start":{"line":43,"column":41},"end":{"line":43,"column":49}},"24":{"start":{"line":44,"column":29},"end":{"line":44,"column":39}},"25":{"start":{"line":45,"column":20},"end":{"line":45,"column":31}},"26":{"start":{"line":47,"column":4},"end":{"line":49,"column":5}},"27":{"start":{"line":48,"column":6},"end":{"line":48,"column":92}},"28":{"start":{"line":51,"column":17},"end":{"line":51,"column":72}},"29":{"start":{"line":52,"column":4},"end":{"line":54,"column":5}},"30":{"start":{"line":53,"column":6},"end":{"line":53,"column":83}},"31":{"start":{"line":56,"column":18},"end":{"line":56,"column":27}},"32":{"start":{"line":58,"column":24},"end":{"line":58,"column":26}},"33":{"start":{"line":59,"column":4},"end":{"line":63,"column":5}},"34":{"start":{"line":60,"column":6},"end":{"line":60,"column":54}},"35":{"start":{"line":62,"column":6},"end":{"line":62,"column":59}},"36":{"start":{"line":65,"column":23},"end":{"line":65,"column":62}},"37":{"start":{"line":66,"column":4},"end":{"line":68,"column":5}},"38":{"start":{"line":67,"column":6},"end":{"line":67,"column":71}},"39":{"start":{"line":70,"column":4},"end":{"line":72,"column":5}},"40":{"start":{"line":71,"column":6},"end":{"line":71,"column":80}},"41":{"start":{"line":74,"column":32},"end":{"line":74,"column":84}},"42":{"start":{"line":75,"column":4},"end":{"line":77,"column":5}},"43":{"start":{"line":76,"column":6},"end":{"line":76,"column":75}},"44":{"start":{"line":79,"column":18},"end":{"line":79,"column":26}},"45":{"start":{"line":80,"column":4},"end":{"line":82,"column":5}},"46":{"start":{"line":81,"column":6},"end":{"line":81,"column":68}},"47":{"start":{"line":84,"column":18},"end":{"line":88,"column":5}},"48":{"start":{"line":90,"column":4},"end":{"line":90,"column":96}},"49":{"start":{"line":92,"column":24},"end":{"line":104,"column":6}},"50":{"start":{"line":106,"column":4},"end":{"line":106,"column":87}},"51":{"start":{"line":108,"column":4},"end":{"line":121,"column":5}},"52":{"start":{"line":109,"column":22},"end":{"line":109,"column":89}},"53":{"start":{"line":110,"column":6},"end":{"line":118,"column":7}},"54":{"start":{"line":111,"column":8},"end":{"line":117,"column":10}},"55":{"start":{"line":120,"column":6},"end":{"line":120,"column":88}},"56":{"start":{"line":123,"column":4},"end":{"line":123,"column":63}},"57":{"start":{"line":126,"column":4},"end":{"line":126,"column":57}},"58":{"start":{"line":127,"column":4},"end":{"line":127,"column":53}},"59":{"start":{"line":133,"column":33},"end":{"line":189,"column":1}},"60":{"start":{"line":134,"column":2},"end":{"line":188,"column":3}},"61":{"start":{"line":135,"column":19},"end":{"line":135,"column":29}},"62":{"start":{"line":136,"column":41},"end":{"line":136,"column":49}},"63":{"start":{"line":138,"column":24},"end":{"line":140,"column":31}},"64":{"start":{"line":142,"column":4},"end":{"line":144,"column":5}},"65":{"start":{"line":143,"column":6},"end":{"line":143,"column":72}},"66":{"start":{"line":146,"column":4},"end":{"line":148,"column":5}},"67":{"start":{"line":147,"column":6},"end":{"line":147,"column":92}},"68":{"start":{"line":150,"column":4},"end":{"line":150,"column":66}},"69":{"start":{"line":150,"column":35},"end":{"line":150,"column":66}},"70":{"start":{"line":151,"column":4},"end":{"line":151,"column":67}},"71":{"start":{"line":151,"column":35},"end":{"line":151,"column":67}},"72":{"start":{"line":152,"column":4},"end":{"line":152,"column":73}},"73":{"start":{"line":152,"column":35},"end":{"line":152,"column":73}},"74":{"start":{"line":154,"column":4},"end":{"line":179,"column":5}},"75":{"start":{"line":155,"column":6},"end":{"line":155,"column":44}},"76":{"start":{"line":157,"column":26},"end":{"line":157,"column":28}},"77":{"start":{"line":158,"column":6},"end":{"line":162,"column":7}},"78":{"start":{"line":159,"column":8},"end":{"line":159,"column":68}},"79":{"start":{"line":161,"column":8},"end":{"line":161,"column":75}},"80":{"start":{"line":164,"column":6},"end":{"line":164,"column":41}},"81":{"start":{"line":166,"column":6},"end":{"line":178,"column":7}},"82":{"start":{"line":167,"column":22},"end":{"line":171,"column":9}},"83":{"start":{"line":173,"column":8},"end":{"line":173,"column":90}},"84":{"start":{"line":175,"column":8},"end":{"line":175,"column":51}},"85":{"start":{"line":176,"column":8},"end":{"line":176,"column":55}},"86":{"start":{"line":177,"column":8},"end":{"line":177,"column":63}},"87":{"start":{"line":181,"column":4},"end":{"line":181,"column":29}},"88":{"start":{"line":183,"column":4},"end":{"line":183,"column":87}},"89":{"start":{"line":186,"column":4},"end":{"line":186,"column":25}},"90":{"start":{"line":187,"column":4},"end":{"line":187,"column":54}},"91":{"start":{"line":193,"column":33},"end":{"line":214,"column":1}},"92":{"start":{"line":194,"column":2},"end":{"line":213,"column":3}},"93":{"start":{"line":195,"column":20},"end":{"line":195,"column":31}},"94":{"start":{"line":197,"column":25},"end":{"line":206,"column":32}},"95":{"start":{"line":208,"column":4},"end":{"line":208,"column":80}},"96":{"start":{"line":211,"column":4},"end":{"line":211,"column":25}},"97":{"start":{"line":212,"column":4},"end":{"line":212,"column":53}},"98":{"start":{"line":218,"column":38},"end":{"line":231,"column":1}},"99":{"start":{"line":219,"column":2},"end":{"line":230,"column":3}},"100":{"start":{"line":220,"column":20},"end":{"line":220,"column":31}},"101":{"start":{"line":221,"column":29},"end":{"line":221,"column":39}},"102":{"start":{"line":223,"column":24},"end":{"line":223,"column":76}},"103":{"start":{"line":225,"column":4},"end":{"line":225,"column":93}},"104":{"start":{"line":228,"column":4},"end":{"line":228,"column":25}},"105":{"start":{"line":229,"column":4},"end":{"line":229,"column":53}},"106":{"start":{"line":235,"column":34},"end":{"line":258,"column":1}},"107":{"start":{"line":236,"column":2},"end":{"line":257,"column":3}},"108":{"start":{"line":237,"column":24},"end":{"line":239,"column":65}},"109":{"start":{"line":241,"column":4},"end":{"line":243,"column":5}},"110":{"start":{"line":242,"column":6},"end":{"line":242,"column":72}},"111":{"start":{"line":245,"column":20},"end":{"line":245,"column":70}},"112":{"start":{"line":246,"column":25},"end":{"line":246,"column":86}},"113":{"start":{"line":248,"column":4},"end":{"line":250,"column":5}},"114":{"start":{"line":249,"column":6},"end":{"line":249,"column":90}},"115":{"start":{"line":252,"column":4},"end":{"line":252,"column":51}},"116":{"start":{"line":255,"column":4},"end":{"line":255,"column":25}},"117":{"start":{"line":256,"column":4},"end":{"line":256,"column":53}},"118":{"start":{"line":262,"column":35},"end":{"line":292,"column":1}},"119":{"start":{"line":263,"column":2},"end":{"line":291,"column":3}},"120":{"start":{"line":264,"column":24},"end":{"line":264,"column":65}},"121":{"start":{"line":266,"column":4},"end":{"line":268,"column":5}},"122":{"start":{"line":267,"column":6},"end":{"line":267,"column":72}},"123":{"start":{"line":270,"column":4},"end":{"line":272,"column":5}},"124":{"start":{"line":271,"column":6},"end":{"line":271,"column":94}},"125":{"start":{"line":274,"column":4},"end":{"line":278,"column":5}},"126":{"start":{"line":275,"column":6},"end":{"line":277,"column":9}},"127":{"start":{"line":280,"column":4},"end":{"line":280,"column":34}},"128":{"start":{"line":282,"column":4},"end":{"line":284,"column":7}},"129":{"start":{"line":286,"column":4},"end":{"line":286,"column":79}},"130":{"start":{"line":289,"column":4},"end":{"line":289,"column":25}},"131":{"start":{"line":290,"column":4},"end":{"line":290,"column":53}},"132":{"start":{"line":295,"column":43},"end":{"line":305,"column":1}},"133":{"start":{"line":296,"column":2},"end":{"line":304,"column":3}},"134":{"start":{"line":297,"column":29},"end":{"line":297,"column":39}},"135":{"start":{"line":298,"column":25},"end":{"line":300,"column":32}},"136":{"start":{"line":301,"column":4},"end":{"line":301,"column":51}},"137":{"start":{"line":303,"column":4},"end":{"line":303,"column":52}}},"fnMap":{"0":{"name":"(anonymous_0)","decl":{"start":{"line":10,"column":27},"end":{"line":10,"column":28}},"loc":{"start":{"line":10,"column":42},"end":{"line":31,"column":1}},"line":10},"1":{"name":"(anonymous_1)","decl":{"start":{"line":22,"column":30},"end":{"line":22,"column":31}},"loc":{"start":{"line":22,"column":38},"end":{"line":22,"column":46}},"line":22},"2":{"name":"(anonymous_2)","decl":{"start":{"line":33,"column":26},"end":{"line":33,"column":27}},"loc":{"start":{"line":33,"column":43},"end":{"line":37,"column":1}},"line":33},"3":{"name":"(anonymous_3)","decl":{"start":{"line":41,"column":34},"end":{"line":41,"column":35}},"loc":{"start":{"line":41,"column":54},"end":{"line":129,"column":1}},"line":41},"4":{"name":"(anonymous_4)","decl":{"start":{"line":133,"column":33},"end":{"line":133,"column":34}},"loc":{"start":{"line":133,"column":53},"end":{"line":189,"column":1}},"line":133},"5":{"name":"(anonymous_5)","decl":{"start":{"line":193,"column":33},"end":{"line":193,"column":34}},"loc":{"start":{"line":193,"column":53},"end":{"line":214,"column":1}},"line":193},"6":{"name":"(anonymous_6)","decl":{"start":{"line":218,"column":38},"end":{"line":218,"column":39}},"loc":{"start":{"line":218,"column":58},"end":{"line":231,"column":1}},"line":218},"7":{"name":"(anonymous_7)","decl":{"start":{"line":235,"column":34},"end":{"line":235,"column":35}},"loc":{"start":{"line":235,"column":54},"end":{"line":258,"column":1}},"line":235},"8":{"name":"(anonymous_8)","decl":{"start":{"line":262,"column":35},"end":{"line":262,"column":36}},"loc":{"start":{"line":262,"column":55},"end":{"line":292,"column":1}},"line":262},"9":{"name":"(anonymous_9)","decl":{"start":{"line":295,"column":43},"end":{"line":295,"column":44}},"loc":{"start":{"line":295,"column":63},"end":{"line":305,"column":1}},"line":295}},"branchMap":{"0":{"loc":{"start":{"line":12,"column":2},"end":{"line":12,"column":79}},"type":"if","locations":[{"start":{"line":12,"column":2},"end":{"line":12,"column":79}},{"start":{},"end":{}}],"line":12},"1":{"loc":{"start":{"line":26,"column":2},"end":{"line":29,"column":3}},"type":"if","locations":[{"start":{"line":26,"column":2},"end":{"line":29,"column":3}},{"start":{},"end":{}}],"line":26},"2":{"loc":{"start":{"line":47,"column":4},"end":{"line":49,"column":5}},"type":"if","locations":[{"start":{"line":47,"column":4},"end":{"line":49,"column":5}},{"start":{},"end":{}}],"line":47},"3":{"loc":{"start":{"line":47,"column":8},"end":{"line":47,"column":39}},"type":"binary-expr","locations":[{"start":{"line":47,"column":8},"end":{"line":47,"column":13}},{"start":{"line":47,"column":17},"end":{"line":47,"column":23}},{"start":{"line":47,"column":27},"end":{"line":47,"column":39}}],"line":47},"4":{"loc":{"start":{"line":51,"column":17},"end":{"line":51,"column":72}},"type":"cond-expr","locations":[{"start":{"line":51,"column":53},"end":{"line":51,"column":65}},{"start":{"line":51,"column":68},"end":{"line":51,"column":72}}],"line":51},"5":{"loc":{"start":{"line":51,"column":17},"end":{"line":51,"column":50}},"type":"binary-expr","locations":[{"start":{"line":51,"column":17},"end":{"line":51,"column":26}},{"start":{"line":51,"column":30},"end":{"line":51,"column":50}}],"line":51},"6":{"loc":{"start":{"line":52,"column":4},"end":{"line":54,"column":5}},"type":"if","locations":[{"start":{"line":52,"column":4},"end":{"line":54,"column":5}},{"start":{},"end":{}}],"line":52},"7":{"loc":{"start":{"line":66,"column":4},"end":{"line":68,"column":5}},"type":"if","locations":[{"start":{"line":66,"column":4},"end":{"line":68,"column":5}},{"start":{},"end":{}}],"line":66},"8":{"loc":{"start":{"line":70,"column":4},"end":{"line":72,"column":5}},"type":"if","locations":[{"start":{"line":70,"column":4},"end":{"line":72,"column":5}},{"start":{},"end":{}}],"line":70},"9":{"loc":{"start":{"line":75,"column":4},"end":{"line":77,"column":5}},"type":"if","locations":[{"start":{"line":75,"column":4},"end":{"line":77,"column":5}},{"start":{},"end":{}}],"line":75},"10":{"loc":{"start":{"line":80,"column":4},"end":{"line":82,"column":5}},"type":"if","locations":[{"start":{"line":80,"column":4},"end":{"line":82,"column":5}},{"start":{},"end":{}}],"line":80},"11":{"loc":{"start":{"line":102,"column":24},"end":{"line":102,"column":47}},"type":"binary-expr","locations":[{"start":{"line":102,"column":24},"end":{"line":102,"column":41}},{"start":{"line":102,"column":45},"end":{"line":102,"column":47}}],"line":102},"12":{"loc":{"start":{"line":110,"column":6},"end":{"line":118,"column":7}},"type":"if","locations":[{"start":{"line":110,"column":6},"end":{"line":118,"column":7}},{"start":{},"end":{}}],"line":110},"13":{"loc":{"start":{"line":142,"column":4},"end":{"line":144,"column":5}},"type":"if","locations":[{"start":{"line":142,"column":4},"end":{"line":144,"column":5}},{"start":{},"end":{}}],"line":142},"14":{"loc":{"start":{"line":146,"column":4},"end":{"line":148,"column":5}},"type":"if","locations":[{"start":{"line":146,"column":4},"end":{"line":148,"column":5}},{"start":{},"end":{}}],"line":146},"15":{"loc":{"start":{"line":146,"column":8},"end":{"line":146,"column":87}},"type":"binary-expr","locations":[{"start":{"line":146,"column":8},"end":{"line":146,"column":58}},{"start":{"line":146,"column":62},"end":{"line":146,"column":87}}],"line":146},"16":{"loc":{"start":{"line":150,"column":4},"end":{"line":150,"column":66}},"type":"if","locations":[{"start":{"line":150,"column":4},"end":{"line":150,"column":66}},{"start":{},"end":{}}],"line":150},"17":{"loc":{"start":{"line":151,"column":4},"end":{"line":151,"column":67}},"type":"if","locations":[{"start":{"line":151,"column":4},"end":{"line":151,"column":67}},{"start":{},"end":{}}],"line":151},"18":{"loc":{"start":{"line":152,"column":4},"end":{"line":152,"column":73}},"type":"if","locations":[{"start":{"line":152,"column":4},"end":{"line":152,"column":73}},{"start":{},"end":{}}],"line":152},"19":{"loc":{"start":{"line":154,"column":4},"end":{"line":179,"column":5}},"type":"if","locations":[{"start":{"line":154,"column":4},"end":{"line":179,"column":5}},{"start":{},"end":{}}],"line":154},"20":{"loc":{"start":{"line":154,"column":8},"end":{"line":154,"column":41}},"type":"binary-expr","locations":[{"start":{"line":154,"column":8},"end":{"line":154,"column":17}},{"start":{"line":154,"column":21},"end":{"line":154,"column":41}}],"line":154},"21":{"loc":{"start":{"line":166,"column":6},"end":{"line":178,"column":7}},"type":"if","locations":[{"start":{"line":166,"column":6},"end":{"line":178,"column":7}},{"start":{},"end":{}}],"line":166},"22":{"loc":{"start":{"line":166,"column":10},"end":{"line":166,"column":57}},"type":"binary-expr","locations":[{"start":{"line":166,"column":10},"end":{"line":166,"column":29}},{"start":{"line":166,"column":33},"end":{"line":166,"column":57}}],"line":166},"23":{"loc":{"start":{"line":168,"column":10},"end":{"line":168,"column":43}},"type":"binary-expr","locations":[{"start":{"line":168,"column":10},"end":{"line":168,"column":37}},{"start":{"line":168,"column":41},"end":{"line":168,"column":43}}],"line":168},"24":{"loc":{"start":{"line":177,"column":39},"end":{"line":177,"column":62}},"type":"binary-expr","locations":[{"start":{"line":177,"column":39},"end":{"line":177,"column":56}},{"start":{"line":177,"column":60},"end":{"line":177,"column":62}}],"line":177},"25":{"loc":{"start":{"line":225,"column":70},"end":{"line":225,"column":89}},"type":"binary-expr","locations":[{"start":{"line":225,"column":70},"end":{"line":225,"column":81}},{"start":{"line":225,"column":85},"end":{"line":225,"column":89}}],"line":225},"26":{"loc":{"start":{"line":241,"column":4},"end":{"line":243,"column":5}},"type":"if","locations":[{"start":{"line":241,"column":4},"end":{"line":243,"column":5}},{"start":{},"end":{}}],"line":241},"27":{"loc":{"start":{"line":246,"column":25},"end":{"line":246,"column":86}},"type":"binary-expr","locations":[{"start":{"line":246,"column":25},"end":{"line":246,"column":50}},{"start":{"line":246,"column":54},"end":{"line":246,"column":86}}],"line":246},"28":{"loc":{"start":{"line":248,"column":4},"end":{"line":250,"column":5}},"type":"if","locations":[{"start":{"line":248,"column":4},"end":{"line":250,"column":5}},{"start":{},"end":{}}],"line":248},"29":{"loc":{"start":{"line":248,"column":8},"end":{"line":248,"column":33}},"type":"binary-expr","locations":[{"start":{"line":248,"column":8},"end":{"line":248,"column":16}},{"start":{"line":248,"column":20},"end":{"line":248,"column":33}}],"line":248},"30":{"loc":{"start":{"line":266,"column":4},"end":{"line":268,"column":5}},"type":"if","locations":[{"start":{"line":266,"column":4},"end":{"line":268,"column":5}},{"start":{},"end":{}}],"line":266},"31":{"loc":{"start":{"line":270,"column":4},"end":{"line":272,"column":5}},"type":"if","locations":[{"start":{"line":270,"column":4},"end":{"line":272,"column":5}},{"start":{},"end":{}}],"line":270},"32":{"loc":{"start":{"line":270,"column":8},"end":{"line":270,"column":83}},"type":"binary-expr","locations":[{"start":{"line":270,"column":8},"end":{"line":270,"column":54}},{"start":{"line":270,"column":58},"end":{"line":270,"column":83}}],"line":270},"33":{"loc":{"start":{"line":274,"column":4},"end":{"line":278,"column":5}},"type":"if","locations":[{"start":{"line":274,"column":4},"end":{"line":278,"column":5}},{"start":{},"end":{}}],"line":274}},"s":{"0":0,"1":0,"2":0,"3":0,"4":0,"5":0,"6":0,"7":0,"8":0,"9":0,"10":0,"11":0,"12":0,"13":0,"14":0,"15":0,"16":0,"17":0,"18":0,"19":0,"20":0,"21":0,"22":0,"23":0,"24":0,"25":0,"26":0,"27":0,"28":0,"29":0,"30":0,"31":0,"32":0,"33":0,"34":0,"35":0,"36":0,"37":0,"38":0,"39":0,"40":0,"41":0,"42":0,"43":0,"44":0,"45":0,"46":0,"47":0,"48":0,"49":0,"50":0,"51":0,"52":0,"53":0,"54":0,"55":0,"56":0,"57":0,"58":0,"59":0,"60":0,"61":0,"62":0,"63":0,"64":0,"65":0,"66":0,"67":0,"68":0,"69":0,"70":0,"71":0,"72":0,"73":0,"74":0,"75":0,"76":0,"77":0,"78":0,"79":0,"80":0,"81":0,"82":0,"83":0,"84":0,"85":0,"86":0,"87":0,"88":0,"89":0,"90":0,"91":0,"92":0,"93":0,"94":0,"95":0,"96":0,"97":0,"98":0,"99":0,"100":0,"101":0,"102":0,"103":0,"104":0,"105":0,"106":0,"107":0,"108":0,"109":0,"110":0,"111":0,"112":0,"113":0,"114":0,"115":0,"116":0,"117":0,"118":0,"119":0,"120":0,"121":0,"122":0,"123":0,"124":0,"125":0,"126":0,"127":0,"128":0,"129":0,"130":0,"131":0,"132":0,"133":0,"134":0,"135":0,"136":0,"137":0},"f":{"0":0,"1":0,"2":0,"3":0,"4":0,"5":0,"6":0,"7":0,"8":0,"9":0},"b":{"0":[0,0],"1":[0,0],"2":[0,0],"3":[0,0,0],"4":[0,0],"5":[0,0],"6":[0,0],"7":[0,0],"8":[0,0],"9":[0,0],"10":[0,0],"11":[0,0],"12":[0,0],"13":[0,0],"14":[0,0],"15":[0,0],"16":[0,0],"17":[0,0],"18":[0,0],"19":[0,0],"20":[0,0],"21":[0,0],"22":[0,0],"23":[0,0],"24":[0,0],"25":[0,0],"26":[0,0],"27":[0,0],"28":[0,0],"29":[0,0],"30":[0,0],"31":[0,0],"32":[0,0],"33":[0,0]}}
,"C:\\Users\\aathi\\OneDrive\\Documents\\Aathika\\My_Projects\\SDG-GOAL---Decent-work-and-economic-growth\\backend\\src\\controllers\\authController.js": {"path":"C:\\Users\\aathi\\OneDrive\\Documents\\Aathika\\My_Projects\\SDG-GOAL---Decent-work-and-economic-growth\\backend\\src\\controllers\\authController.js","statementMap":{"0":{"start":{"line":7,"column":19},"end":{"line":7,"column":65}},"1":{"start":{"line":8,"column":23},"end":{"line":8,"column":27}},"2":{"start":{"line":11,"column":22},"end":{"line":13,"column":1}},"3":{"start":{"line":12,"column":2},"end":{"line":12,"column":83}},"4":{"start":{"line":16,"column":21},"end":{"line":20,"column":1}},"5":{"start":{"line":17,"column":2},"end":{"line":17,"column":25}},"6":{"start":{"line":17,"column":13},"end":{"line":17,"column":25}},"7":{"start":{"line":18,"column":59},"end":{"line":18,"column":63}},"8":{"start":{"line":19,"column":2},"end":{"line":19,"column":62}},"9":{"start":{"line":23,"column":24},"end":{"line":68,"column":1}},"10":{"start":{"line":24,"column":2},"end":{"line":67,"column":3}},"11":{"start":{"line":25,"column":44},"end":{"line":25,"column":52}},"12":{"start":{"line":27,"column":4},"end":{"line":29,"column":5}},"13":{"start":{"line":28,"column":6},"end":{"line":28,"column":88}},"14":{"start":{"line":31,"column":28},"end":{"line":31,"column":47}},"15":{"start":{"line":33,"column":25},"end":{"line":33,"column":71}},"16":{"start":{"line":34,"column":4},"end":{"line":36,"column":5}},"17":{"start":{"line":35,"column":6},"end":{"line":35,"column":86}},"18":{"start":{"line":38,"column":23},"end":{"line":38,"column":30}},"19":{"start":{"line":39,"column":4},"end":{"line":45,"column":5}},"20":{"start":{"line":40,"column":29},"end":{"line":40,"column":55}},"21":{"start":{"line":41,"column":6},"end":{"line":43,"column":7}},"22":{"start":{"line":42,"column":8},"end":{"line":42,"column":65}},"23":{"start":{"line":44,"column":6},"end":{"line":44,"column":36}},"24":{"start":{"line":47,"column":17},"end":{"line":47,"column":41}},"25":{"start":{"line":48,"column":27},"end":{"line":48,"column":60}},"26":{"start":{"line":50,"column":17},"end":{"line":55,"column":6}},"27":{"start":{"line":57,"column":18},"end":{"line":57,"column":52}},"28":{"start":{"line":59,"column":4},"end":{"line":63,"column":7}},"29":{"start":{"line":65,"column":4},"end":{"line":65,"column":47}},"30":{"start":{"line":66,"column":4},"end":{"line":66,"column":61}},"31":{"start":{"line":71,"column":21},"end":{"line":100,"column":1}},"32":{"start":{"line":72,"column":2},"end":{"line":99,"column":3}},"33":{"start":{"line":73,"column":32},"end":{"line":73,"column":40}},"34":{"start":{"line":75,"column":4},"end":{"line":77,"column":5}},"35":{"start":{"line":76,"column":6},"end":{"line":76,"column":82}},"36":{"start":{"line":79,"column":17},"end":{"line":79,"column":67}},"37":{"start":{"line":80,"column":4},"end":{"line":82,"column":5}},"38":{"start":{"line":81,"column":6},"end":{"line":81,"column":70}},"39":{"start":{"line":84,"column":20},"end":{"line":84,"column":65}},"40":{"start":{"line":85,"column":4},"end":{"line":87,"column":5}},"41":{"start":{"line":86,"column":6},"end":{"line":86,"column":70}},"42":{"start":{"line":89,"column":18},"end":{"line":89,"column":52}},"43":{"start":{"line":91,"column":4},"end":{"line":95,"column":7}},"44":{"start":{"line":97,"column":4},"end":{"line":97,"column":44}},"45":{"start":{"line":98,"column":4},"end":{"line":98,"column":61}},"46":{"start":{"line":103,"column":21},"end":{"line":117,"column":1}},"47":{"start":{"line":104,"column":2},"end":{"line":116,"column":3}},"48":{"start":{"line":106,"column":4},"end":{"line":108,"column":5}},"49":{"start":{"line":107,"column":6},"end":{"line":107,"column":68}},"50":{"start":{"line":110,"column":4},"end":{"line":112,"column":7}},"51":{"start":{"line":114,"column":4},"end":{"line":114,"column":44}},"52":{"start":{"line":115,"column":4},"end":{"line":115,"column":61}},"53":{"start":{"line":120,"column":24},"end":{"line":156,"column":1}},"54":{"start":{"line":121,"column":2},"end":{"line":155,"column":3}},"55":{"start":{"line":122,"column":4},"end":{"line":124,"column":5}},"56":{"start":{"line":123,"column":6},"end":{"line":123,"column":68}},"57":{"start":{"line":126,"column":32},"end":{"line":126,"column":40}},"58":{"start":{"line":128,"column":4},"end":{"line":130,"column":5}},"59":{"start":{"line":129,"column":6},"end":{"line":129,"column":68}},"60":{"start":{"line":132,"column":20},"end":{"line":132,"column":22}},"61":{"start":{"line":134,"column":4},"end":{"line":136,"column":5}},"62":{"start":{"line":135,"column":6},"end":{"line":135,"column":42}},"63":{"start":{"line":138,"column":4},"end":{"line":141,"column":5}},"64":{"start":{"line":139,"column":19},"end":{"line":139,"column":43}},"65":{"start":{"line":140,"column":6},"end":{"line":140,"column":59}},"66":{"start":{"line":143,"column":24},"end":{"line":146,"column":6}},"67":{"start":{"line":148,"column":4},"end":{"line":151,"column":7}},"68":{"start":{"line":153,"column":4},"end":{"line":153,"column":47}},"69":{"start":{"line":154,"column":4},"end":{"line":154,"column":61}},"70":{"start":{"line":159,"column":26},"end":{"line":183,"column":1}},"71":{"start":{"line":160,"column":2},"end":{"line":182,"column":3}},"72":{"start":{"line":161,"column":4},"end":{"line":163,"column":5}},"73":{"start":{"line":162,"column":6},"end":{"line":162,"column":68}},"74":{"start":{"line":165,"column":25},"end":{"line":165,"column":38}},"75":{"start":{"line":167,"column":20},"end":{"line":167,"column":45}},"76":{"start":{"line":168,"column":19},"end":{"line":168,"column":64}},"77":{"start":{"line":170,"column":4},"end":{"line":172,"column":5}},"78":{"start":{"line":171,"column":6},"end":{"line":171,"column":88}},"79":{"start":{"line":174,"column":4},"end":{"line":174,"column":64}},"80":{"start":{"line":175,"column":4},"end":{"line":175,"column":71}},"81":{"start":{"line":176,"column":4},"end":{"line":176,"column":47}},"82":{"start":{"line":178,"column":4},"end":{"line":178,"column":95}},"83":{"start":{"line":180,"column":4},"end":{"line":180,"column":49}},"84":{"start":{"line":181,"column":4},"end":{"line":181,"column":61}}},"fnMap":{"0":{"name":"(anonymous_0)","decl":{"start":{"line":11,"column":22},"end":{"line":11,"column":23}},"loc":{"start":{"line":11,"column":40},"end":{"line":13,"column":1}},"line":11},"1":{"name":"(anonymous_1)","decl":{"start":{"line":16,"column":21},"end":{"line":16,"column":22}},"loc":{"start":{"line":16,"column":31},"end":{"line":20,"column":1}},"line":16},"2":{"name":"(anonymous_2)","decl":{"start":{"line":23,"column":24},"end":{"line":23,"column":25}},"loc":{"start":{"line":23,"column":44},"end":{"line":68,"column":1}},"line":23},"3":{"name":"(anonymous_3)","decl":{"start":{"line":71,"column":21},"end":{"line":71,"column":22}},"loc":{"start":{"line":71,"column":41},"end":{"line":100,"column":1}},"line":71},"4":{"name":"(anonymous_4)","decl":{"start":{"line":103,"column":21},"end":{"line":103,"column":22}},"loc":{"start":{"line":103,"column":41},"end":{"line":117,"column":1}},"line":103},"5":{"name":"(anonymous_5)","decl":{"start":{"line":120,"column":24},"end":{"line":120,"column":25}},"loc":{"start":{"line":120,"column":44},"end":{"line":156,"column":1}},"line":120},"6":{"name":"(anonymous_6)","decl":{"start":{"line":159,"column":26},"end":{"line":159,"column":27}},"loc":{"start":{"line":159,"column":46},"end":{"line":183,"column":1}},"line":159}},"branchMap":{"0":{"loc":{"start":{"line":7,"column":19},"end":{"line":7,"column":65}},"type":"binary-expr","locations":[{"start":{"line":7,"column":19},"end":{"line":7,"column":41}},{"start":{"line":7,"column":45},"end":{"line":7,"column":65}}],"line":7},"1":{"loc":{"start":{"line":17,"column":2},"end":{"line":17,"column":25}},"type":"if","locations":[{"start":{"line":17,"column":2},"end":{"line":17,"column":25}},{"start":{},"end":{}}],"line":17},"2":{"loc":{"start":{"line":27,"column":4},"end":{"line":29,"column":5}},"type":"if","locations":[{"start":{"line":27,"column":4},"end":{"line":29,"column":5}},{"start":{},"end":{}}],"line":27},"3":{"loc":{"start":{"line":27,"column":8},"end":{"line":27,"column":36}},"type":"binary-expr","locations":[{"start":{"line":27,"column":8},"end":{"line":27,"column":13}},{"start":{"line":27,"column":17},"end":{"line":27,"column":23}},{"start":{"line":27,"column":27},"end":{"line":27,"column":36}}],"line":27},"4":{"loc":{"start":{"line":34,"column":4},"end":{"line":36,"column":5}},"type":"if","locations":[{"start":{"line":34,"column":4},"end":{"line":36,"column":5}},{"start":{},"end":{}}],"line":34},"5":{"loc":{"start":{"line":39,"column":4},"end":{"line":45,"column":5}},"type":"if","locations":[{"start":{"line":39,"column":4},"end":{"line":45,"column":5}},{"start":{},"end":{}}],"line":39},"6":{"loc":{"start":{"line":41,"column":6},"end":{"line":43,"column":7}},"type":"if","locations":[{"start":{"line":41,"column":6},"end":{"line":43,"column":7}},{"start":{},"end":{}}],"line":41},"7":{"loc":{"start":{"line":75,"column":4},"end":{"line":77,"column":5}},"type":"if","locations":[{"start":{"line":75,"column":4},"end":{"line":77,"column":5}},{"start":{},"end":{}}],"line":75},"8":{"loc":{"start":{"line":75,"column":8},"end":{"line":75,"column":27}},"type":"binary-expr","locations":[{"start":{"line":75,"column":8},"end":{"line":75,"column":14}},{"start":{"line":75,"column":18},"end":{"line":75,"column":27}}],"line":75},"9":{"loc":{"start":{"line":80,"column":4},"end":{"line":82,"column":5}},"type":"if","locations":[{"start":{"line":80,"column":4},"end":{"line":82,"column":5}},{"start":{},"end":{}}],"line":80},"10":{"loc":{"start":{"line":85,"column":4},"end":{"line":87,"column":5}},"type":"if","locations":[{"start":{"line":85,"column":4},"end":{"line":87,"column":5}},{"start":{},"end":{}}],"line":85},"11":{"loc":{"start":{"line":106,"column":4},"end":{"line":108,"column":5}},"type":"if","locations":[{"start":{"line":106,"column":4},"end":{"line":108,"column":5}},{"start":{},"end":{}}],"line":106},"12":{"loc":{"start":{"line":122,"column":4},"end":{"line":124,"column":5}},"type":"if","locations":[{"start":{"line":122,"column":4},"end":{"line":124,"column":5}},{"start":{},"end":{}}],"line":122},"13":{"loc":{"start":{"line":128,"column":4},"end":{"line":130,"column":5}},"type":"if","locations":[{"start":{"line":128,"column":4},"end":{"line":130,"column":5}},{"start":{},"end":{}}],"line":128},"14":{"loc":{"start":{"line":128,"column":8},"end":{"line":128,"column":27}},"type":"binary-expr","locations":[{"start":{"line":128,"column":8},"end":{"line":128,"column":14}},{"start":{"line":128,"column":18},"end":{"line":128,"column":27}}],"line":128},"15":{"loc":{"start":{"line":134,"column":4},"end":{"line":136,"column":5}},"type":"if","locations":[{"start":{"line":134,"column":4},"end":{"line":136,"column":5}},{"start":{},"end":{}}],"line":134},"16":{"loc":{"start":{"line":138,"column":4},"end":{"line":141,"column":5}},"type":"if","locations":[{"start":{"line":138,"column":4},"end":{"line":141,"column":5}},{"start":{},"end":{}}],"line":138},"17":{"loc":{"start":{"line":161,"column":4},"end":{"line":163,"column":5}},"type":"if","locations":[{"start":{"line":161,"column":4},"end":{"line":163,"column":5}},{"start":{},"end":{}}],"line":161},"18":{"loc":{"start":{"line":170,"column":4},"end":{"line":172,"column":5}},"type":"if","locations":[{"start":{"line":170,"column":4},"end":{"line":172,"column":5}},{"start":{},"end":{}}],"line":170},"19":{"loc":{"start":{"line":170,"column":8},"end":{"line":170,"column":27}},"type":"binary-expr","locations":[{"start":{"line":170,"column":8},"end":{"line":170,"column":16}},{"start":{"line":170,"column":20},"end":{"line":170,"column":27}}],"line":170}},"s":{"0":0,"1":0,"2":0,"3":0,"4":0,"5":0,"6":0,"7":0,"8":0,"9":0,"10":0,"11":0,"12":0,"13":0,"14":0,"15":0,"16":0,"17":0,"18":0,"19":0,"20":0,"21":0,"22":0,"23":0,"24":0,"25":0,"26":0,"27":0,"28":0,"29":0,"30":0,"31":0,"32":0,"33":0,"34":0,"35":0,"36":0,"37":0,"38":0,"39":0,"40":0,"41":0,"42":0,"43":0,"44":0,"45":0,"46":0,"47":0,"48":0,"49":0,"50":0,"51":0,"52":0,"53":0,"54":0,"55":0,"56":0,"57":0,"58":0,"59":0,"60":0,"61":0,"62":0,"63":0,"64":0,"65":0,"66":0,"67":0,"68":0,"69":0,"70":0,"71":0,"72":0,"73":0,"74":0,"75":0,"76":0,"77":0,"78":0,"79":0,"80":0,"81":0,"82":0,"83":0,"84":0},"f":{"0":0,"1":0,"2":0,"3":0,"4":0,"5":0,"6":0},"b":{"0":[0,0],"1":[0,0],"2":[0,0],"3":[0,0,0],"4":[0,0],"5":[0,0],"6":[0,0],"7":[0,0],"8":[0,0],"9":[0,0],"10":[0,0],"11":[0,0],"12":[0,0],"13":[0,0],"14":[0,0],"15":[0,0],"16":[0,0],"17":[0,0],"18":[0,0],"19":[0,0]}}
,"C:\\Users\\aathi\\OneDrive\\Documents\\Aathika\\My_Projects\\SDG-GOAL---Decent-work-and-economic-growth\\backend\\src\\controllers\\careerGuidanceController.js": {"path":"C:\\Users\\aathi\\OneDrive\\Documents\\Aathika\\My_Projects\\SDG-GOAL---Decent-work-and-economic-growth\\backend\\src\\controllers\\careerGuidanceController.js","statementMap":{"0":{"start":{"line":6,"column":21},"end":{"line":6,"column":23}},"1":{"start":{"line":7,"column":20},"end":{"line":7,"column":24}},"2":{"start":{"line":8,"column":24},"end":{"line":8,"column":26}},"3":{"start":{"line":11,"column":2},"end":{"line":11,"column":39}},"4":{"start":{"line":11,"column":27},"end":{"line":11,"column":39}},"5":{"start":{"line":12,"column":14},"end":{"line":12,"column":16}},"6":{"start":{"line":13,"column":2},"end":{"line":23,"column":3}},"7":{"start":{"line":14,"column":4},"end":{"line":14,"column":46}},"8":{"start":{"line":14,"column":37},"end":{"line":14,"column":46}},"9":{"start":{"line":15,"column":17},"end":{"line":15,"column":23}},"10":{"start":{"line":16,"column":4},"end":{"line":16,"column":58}},"11":{"start":{"line":16,"column":49},"end":{"line":16,"column":58}},"12":{"start":{"line":17,"column":18},"end":{"line":17,"column":27}},"13":{"start":{"line":18,"column":4},"end":{"line":18,"column":69}},"14":{"start":{"line":18,"column":37},"end":{"line":18,"column":69}},"15":{"start":{"line":19,"column":4},"end":{"line":19,"column":51}},"16":{"start":{"line":20,"column":4},"end":{"line":20,"column":27}},"17":{"start":{"line":20,"column":18},"end":{"line":20,"column":27}},"18":{"start":{"line":21,"column":4},"end":{"line":21,"column":32}},"19":{"start":{"line":22,"column":4},"end":{"line":22,"column":42}},"20":{"start":{"line":22,"column":36},"end":{"line":22,"column":42}},"21":{"start":{"line":24,"column":2},"end":{"line":24,"column":33}},"22":{"start":{"line":28,"column":2},"end":{"line":28,"column":37}},"23":{"start":{"line":28,"column":27},"end":{"line":28,"column":37}},"24":{"start":{"line":29,"column":2},"end":{"line":47,"column":21}},"25":{"start":{"line":32,"column":6},"end":{"line":32,"column":51}},"26":{"start":{"line":32,"column":39},"end":{"line":32,"column":51}},"27":{"start":{"line":33,"column":20},"end":{"line":33,"column":74}},"28":{"start":{"line":34,"column":6},"end":{"line":34,"column":30}},"29":{"start":{"line":34,"column":18},"end":{"line":34,"column":30}},"30":{"start":{"line":35,"column":21},"end":{"line":37,"column":12}},"31":{"start":{"line":36,"column":51},"end":{"line":36,"column":80}},"32":{"start":{"line":38,"column":6},"end":{"line":45,"column":8}},"33":{"start":{"line":51,"column":2},"end":{"line":77,"column":28}},"34":{"start":{"line":80,"column":36},"end":{"line":85,"column":1}},"35":{"start":{"line":81,"column":2},"end":{"line":84,"column":5}},"36":{"start":{"line":87,"column":34},"end":{"line":182,"column":1}},"37":{"start":{"line":88,"column":14},"end":{"line":88,"column":31}},"38":{"start":{"line":89,"column":2},"end":{"line":95,"column":3}},"39":{"start":{"line":90,"column":4},"end":{"line":94,"column":7}},"40":{"start":{"line":97,"column":20},"end":{"line":97,"column":56}},"41":{"start":{"line":98,"column":2},"end":{"line":102,"column":3}},"42":{"start":{"line":99,"column":4},"end":{"line":101,"column":7}},"43":{"start":{"line":104,"column":19},"end":{"line":104,"column":74}},"44":{"start":{"line":104,"column":56},"end":{"line":104,"column":73}},"45":{"start":{"line":105,"column":2},"end":{"line":107,"column":3}},"46":{"start":{"line":106,"column":4},"end":{"line":106,"column":83}},"47":{"start":{"line":109,"column":22},"end":{"line":109,"column":64}},"48":{"start":{"line":112,"column":2},"end":{"line":131,"column":3}},"49":{"start":{"line":113,"column":20},"end":{"line":117,"column":13}},"50":{"start":{"line":119,"column":4},"end":{"line":124,"column":8}},"51":{"start":{"line":119,"column":34},"end":{"line":124,"column":5}},"52":{"start":{"line":126,"column":4},"end":{"line":126,"column":89}},"53":{"start":{"line":127,"column":4},"end":{"line":130,"column":7}},"54":{"start":{"line":133,"column":23},"end":{"line":133,"column":62}},"55":{"start":{"line":135,"column":2},"end":{"line":181,"column":3}},"56":{"start":{"line":136,"column":18},"end":{"line":136,"column":68}},"57":{"start":{"line":137,"column":20},"end":{"line":137,"column":99}},"58":{"start":{"line":139,"column":20},"end":{"line":150,"column":6}},"59":{"start":{"line":152,"column":41},"end":{"line":152,"column":48}},"60":{"start":{"line":153,"column":4},"end":{"line":159,"column":5}},"61":{"start":{"line":154,"column":32},"end":{"line":156,"column":8}},"62":{"start":{"line":157,"column":6},"end":{"line":157,"column":71}},"63":{"start":{"line":158,"column":6},"end":{"line":158,"column":53}},"64":{"start":{"line":161,"column":4},"end":{"line":166,"column":5}},"65":{"start":{"line":162,"column":32},"end":{"line":164,"column":8}},"66":{"start":{"line":165,"column":6},"end":{"line":165,"column":53}},"67":{"start":{"line":168,"column":18},"end":{"line":168,"column":62}},"68":{"start":{"line":169,"column":4},"end":{"line":174,"column":5}},"69":{"start":{"line":170,"column":6},"end":{"line":173,"column":9}},"70":{"start":{"line":176,"column":4},"end":{"line":176,"column":24}},"71":{"start":{"line":178,"column":30},"end":{"line":178,"column":58}},"72":{"start":{"line":179,"column":4},"end":{"line":179,"column":70}},"73":{"start":{"line":180,"column":4},"end":{"line":180,"column":44}}},"fnMap":{"0":{"name":"sanitizeMessages","decl":{"start":{"line":10,"column":9},"end":{"line":10,"column":25}},"loc":{"start":{"line":10,"column":31},"end":{"line":25,"column":1}},"line":10},"1":{"name":"sanitizeInternships","decl":{"start":{"line":27,"column":9},"end":{"line":27,"column":28}},"loc":{"start":{"line":27,"column":34},"end":{"line":48,"column":1}},"line":27},"2":{"name":"(anonymous_2)","decl":{"start":{"line":31,"column":9},"end":{"line":31,"column":10}},"loc":{"start":{"line":31,"column":16},"end":{"line":46,"column":5}},"line":31},"3":{"name":"(anonymous_3)","decl":{"start":{"line":36,"column":44},"end":{"line":36,"column":45}},"loc":{"start":{"line":36,"column":51},"end":{"line":36,"column":80}},"line":36},"4":{"name":"buildSystemPrompt","decl":{"start":{"line":50,"column":9},"end":{"line":50,"column":26}},"loc":{"start":{"line":50,"column":49},"end":{"line":78,"column":1}},"line":50},"5":{"name":"(anonymous_5)","decl":{"start":{"line":80,"column":36},"end":{"line":80,"column":37}},"loc":{"start":{"line":80,"column":50},"end":{"line":85,"column":1}},"line":80},"6":{"name":"(anonymous_6)","decl":{"start":{"line":87,"column":34},"end":{"line":87,"column":35}},"loc":{"start":{"line":87,"column":54},"end":{"line":182,"column":1}},"line":87},"7":{"name":"(anonymous_7)","decl":{"start":{"line":104,"column":49},"end":{"line":104,"column":50}},"loc":{"start":{"line":104,"column":56},"end":{"line":104,"column":73}},"line":104},"8":{"name":"(anonymous_8)","decl":{"start":{"line":119,"column":26},"end":{"line":119,"column":27}},"loc":{"start":{"line":119,"column":34},"end":{"line":124,"column":5}},"line":119}},"branchMap":{"0":{"loc":{"start":{"line":11,"column":2},"end":{"line":11,"column":39}},"type":"if","locations":[{"start":{"line":11,"column":2},"end":{"line":11,"column":39}},{"start":{},"end":{}}],"line":11},"1":{"loc":{"start":{"line":14,"column":4},"end":{"line":14,"column":46}},"type":"if","locations":[{"start":{"line":14,"column":4},"end":{"line":14,"column":46}},{"start":{},"end":{}}],"line":14},"2":{"loc":{"start":{"line":14,"column":8},"end":{"line":14,"column":35}},"type":"binary-expr","locations":[{"start":{"line":14,"column":8},"end":{"line":14,"column":10}},{"start":{"line":14,"column":14},"end":{"line":14,"column":35}}],"line":14},"3":{"loc":{"start":{"line":16,"column":4},"end":{"line":16,"column":58}},"type":"if","locations":[{"start":{"line":16,"column":4},"end":{"line":16,"column":58}},{"start":{},"end":{}}],"line":16},"4":{"loc":{"start":{"line":16,"column":8},"end":{"line":16,"column":47}},"type":"binary-expr","locations":[{"start":{"line":16,"column":8},"end":{"line":16,"column":23}},{"start":{"line":16,"column":27},"end":{"line":16,"column":47}}],"line":16},"5":{"loc":{"start":{"line":18,"column":4},"end":{"line":18,"column":69}},"type":"if","locations":[{"start":{"line":18,"column":4},"end":{"line":18,"column":69}},{"start":{},"end":{}}],"line":18},"6":{"loc":{"start":{"line":18,"column":54},"end":{"line":18,"column":67}},"type":"binary-expr","locations":[{"start":{"line":18,"column":54},"end":{"line":18,"column":61}},{"start":{"line":18,"column":65},"end":{"line":18,"column":67}}],"line":18},"7":{"loc":{"start":{"line":20,"column":4},"end":{"line":20,"column":27}},"type":"if","locations":[{"start":{"line":20,"column":4},"end":{"line":20,"column":27}},{"start":{},"end":{}}],"line":20},"8":{"loc":{"start":{"line":22,"column":4},"end":{"line":22,"column":42}},"type":"if","locations":[{"start":{"line":22,"column":4},"end":{"line":22,"column":42}},{"start":{},"end":{}}],"line":22},"9":{"loc":{"start":{"line":24,"column":9},"end":{"line":24,"column":32}},"type":"cond-expr","locations":[{"start":{"line":24,"column":22},"end":{"line":24,"column":25}},{"start":{"line":24,"column":28},"end":{"line":24,"column":32}}],"line":24},"10":{"loc":{"start":{"line":28,"column":2},"end":{"line":28,"column":37}},"type":"if","locations":[{"start":{"line":28,"column":2},"end":{"line":28,"column":37}},{"start":{},"end":{}}],"line":28},"11":{"loc":{"start":{"line":32,"column":6},"end":{"line":32,"column":51}},"type":"if","locations":[{"start":{"line":32,"column":6},"end":{"line":32,"column":51}},{"start":{},"end":{}}],"line":32},"12":{"loc":{"start":{"line":32,"column":10},"end":{"line":32,"column":37}},"type":"binary-expr","locations":[{"start":{"line":32,"column":10},"end":{"line":32,"column":12}},{"start":{"line":32,"column":16},"end":{"line":32,"column":37}}],"line":32},"13":{"loc":{"start":{"line":33,"column":27},"end":{"line":33,"column":52}},"type":"binary-expr","locations":[{"start":{"line":33,"column":27},"end":{"line":33,"column":35}},{"start":{"line":33,"column":39},"end":{"line":33,"column":46}},{"start":{"line":33,"column":50},"end":{"line":33,"column":52}}],"line":33},"14":{"loc":{"start":{"line":34,"column":6},"end":{"line":34,"column":30}},"type":"if","locations":[{"start":{"line":34,"column":6},"end":{"line":34,"column":30}},{"start":{},"end":{}}],"line":34},"15":{"loc":{"start":{"line":35,"column":21},"end":{"line":37,"column":12}},"type":"cond-expr","locations":[{"start":{"line":36,"column":10},"end":{"line":36,"column":97}},{"start":{"line":37,"column":10},"end":{"line":37,"column":12}}],"line":35},"16":{"loc":{"start":{"line":41,"column":34},"end":{"line":41,"column":59}},"type":"binary-expr","locations":[{"start":{"line":41,"column":34},"end":{"line":41,"column":53}},{"start":{"line":41,"column":57},"end":{"line":41,"column":59}}],"line":41},"17":{"loc":{"start":{"line":42,"column":28},"end":{"line":42,"column":47}},"type":"binary-expr","locations":[{"start":{"line":42,"column":28},"end":{"line":42,"column":41}},{"start":{"line":42,"column":45},"end":{"line":42,"column":47}}],"line":42},"18":{"loc":{"start":{"line":43,"column":25},"end":{"line":43,"column":41}},"type":"binary-expr","locations":[{"start":{"line":43,"column":25},"end":{"line":43,"column":35}},{"start":{"line":43,"column":39},"end":{"line":43,"column":41}}],"line":43},"19":{"loc":{"start":{"line":44,"column":25},"end":{"line":44,"column":41}},"type":"binary-expr","locations":[{"start":{"line":44,"column":25},"end":{"line":44,"column":35}},{"start":{"line":44,"column":39},"end":{"line":44,"column":41}}],"line":44},"20":{"loc":{"start":{"line":89,"column":2},"end":{"line":95,"column":3}},"type":"if","locations":[{"start":{"line":89,"column":2},"end":{"line":95,"column":3}},{"start":{},"end":{}}],"line":89},"21":{"loc":{"start":{"line":98,"column":2},"end":{"line":102,"column":3}},"type":"if","locations":[{"start":{"line":98,"column":2},"end":{"line":102,"column":3}},{"start":{},"end":{}}],"line":98},"22":{"loc":{"start":{"line":105,"column":2},"end":{"line":107,"column":3}},"type":"if","locations":[{"start":{"line":105,"column":2},"end":{"line":107,"column":3}},{"start":{},"end":{}}],"line":105},"23":{"loc":{"start":{"line":122,"column":16},"end":{"line":122,"column":32}},"type":"binary-expr","locations":[{"start":{"line":122,"column":16},"end":{"line":122,"column":26}},{"start":{"line":122,"column":30},"end":{"line":122,"column":32}}],"line":122},"24":{"loc":{"start":{"line":123,"column":20},"end":{"line":123,"column":39}},"type":"binary-expr","locations":[{"start":{"line":123,"column":20},"end":{"line":123,"column":33}},{"start":{"line":123,"column":37},"end":{"line":123,"column":39}}],"line":123},"25":{"loc":{"start":{"line":126,"column":64},"end":{"line":126,"column":87}},"type":"binary-expr","locations":[{"start":{"line":126,"column":64},"end":{"line":126,"column":78}},{"start":{"line":126,"column":82},"end":{"line":126,"column":87}}],"line":126},"26":{"loc":{"start":{"line":136,"column":19},"end":{"line":136,"column":60}},"type":"binary-expr","locations":[{"start":{"line":136,"column":19},"end":{"line":136,"column":43}},{"start":{"line":136,"column":47},"end":{"line":136,"column":60}}],"line":136},"27":{"loc":{"start":{"line":137,"column":21},"end":{"line":137,"column":79}},"type":"binary-expr","locations":[{"start":{"line":137,"column":21},"end":{"line":137,"column":48}},{"start":{"line":137,"column":52},"end":{"line":137,"column":79}}],"line":137},"28":{"loc":{"start":{"line":153,"column":4},"end":{"line":159,"column":5}},"type":"if","locations":[{"start":{"line":153,"column":4},"end":{"line":159,"column":5}},{"start":{},"end":{}}],"line":153},"29":{"loc":{"start":{"line":153,"column":8},"end":{"line":153,"column":45}},"type":"binary-expr","locations":[{"start":{"line":153,"column":8},"end":{"line":153,"column":24}},{"start":{"line":153,"column":28},"end":{"line":153,"column":45}}],"line":153},"30":{"loc":{"start":{"line":161,"column":4},"end":{"line":166,"column":5}},"type":"if","locations":[{"start":{"line":161,"column":4},"end":{"line":166,"column":5}},{"start":{},"end":{}}],"line":161},"31":{"loc":{"start":{"line":169,"column":4},"end":{"line":174,"column":5}},"type":"if","locations":[{"start":{"line":169,"column":4},"end":{"line":174,"column":5}},{"start":{},"end":{}}],"line":169},"32":{"loc":{"start":{"line":179,"column":39},"end":{"line":179,"column":68}},"type":"binary-expr","locations":[{"start":{"line":179,"column":39},"end":{"line":179,"column":55}},{"start":{"line":179,"column":59},"end":{"line":179,"column":68}}],"line":179}},"s":{"0":0,"1":0,"2":0,"3":0,"4":0,"5":0,"6":0,"7":0,"8":0,"9":0,"10":0,"11":0,"12":0,"13":0,"14":0,"15":0,"16":0,"17":0,"18":0,"19":0,"20":0,"21":0,"22":0,"23":0,"24":0,"25":0,"26":0,"27":0,"28":0,"29":0,"30":0,"31":0,"32":0,"33":0,"34":0,"35":0,"36":0,"37":0,"38":0,"39":0,"40":0,"41":0,"42":0,"43":0,"44":0,"45":0,"46":0,"47":0,"48":0,"49":0,"50":0,"51":0,"52":0,"53":0,"54":0,"55":0,"56":0,"57":0,"58":0,"59":0,"60":0,"61":0,"62":0,"63":0,"64":0,"65":0,"66":0,"67":0,"68":0,"69":0,"70":0,"71":0,"72":0,"73":0},"f":{"0":0,"1":0,"2":0,"3":0,"4":0,"5":0,"6":0,"7":0,"8":0},"b":{"0":[0,0],"1":[0,0],"2":[0,0],"3":[0,0],"4":[0,0],"5":[0,0],"6":[0,0],"7":[0,0],"8":[0,0],"9":[0,0],"10":[0,0],"11":[0,0],"12":[0,0],"13":[0,0,0],"14":[0,0],"15":[0,0],"16":[0,0],"17":[0,0],"18":[0,0],"19":[0,0],"20":[0,0],"21":[0,0],"22":[0,0],"23":[0,0],"24":[0,0],"25":[0,0],"26":[0,0],"27":[0,0],"28":[0,0],"29":[0,0],"30":[0,0],"31":[0,0],"32":[0,0]}}
,"C:\\Users\\aathi\\OneDrive\\Documents\\Aathika\\My_Projects\\SDG-GOAL---Decent-work-and-economic-growth\\backend\\src\\controllers\\courseController.js": {"path":"C:\\Users\\aathi\\OneDrive\\Documents\\Aathika\\My_Projects\\SDG-GOAL---Decent-work-and-economic-growth\\backend\\src\\controllers\\courseController.js","statementMap":{"0":{"start":{"line":4,"column":19},"end":{"line":11,"column":1}},"1":{"start":{"line":5,"column":2},"end":{"line":10,"column":3}},"2":{"start":{"line":6,"column":14},"end":{"line":6,"column":26}},"3":{"start":{"line":7,"column":4},"end":{"line":7,"column":61}},"4":{"start":{"line":9,"column":4},"end":{"line":9,"column":17}},"5":{"start":{"line":13,"column":27},"end":{"line":49,"column":1}},"6":{"start":{"line":14,"column":2},"end":{"line":48,"column":3}},"7":{"start":{"line":15,"column":14},"end":{"line":15,"column":51}},"8":{"start":{"line":16,"column":17},"end":{"line":16,"column":57}},"9":{"start":{"line":17,"column":21},"end":{"line":17,"column":65}},"10":{"start":{"line":18,"column":17},"end":{"line":18,"column":63}},"11":{"start":{"line":20,"column":19},"end":{"line":20,"column":21}},"12":{"start":{"line":21,"column":4},"end":{"line":23,"column":5}},"13":{"start":{"line":22,"column":6},"end":{"line":22,"column":25}},"14":{"start":{"line":25,"column":16},"end":{"line":25,"column":18}},"15":{"start":{"line":26,"column":4},"end":{"line":33,"column":5}},"16":{"start":{"line":27,"column":6},"end":{"line":32,"column":9}},"17":{"start":{"line":34,"column":4},"end":{"line":36,"column":5}},"18":{"start":{"line":35,"column":6},"end":{"line":35,"column":66}},"19":{"start":{"line":37,"column":4},"end":{"line":37,"column":38}},"20":{"start":{"line":37,"column":20},"end":{"line":37,"column":38}},"21":{"start":{"line":39,"column":21},"end":{"line":39,"column":77}},"22":{"start":{"line":41,"column":20},"end":{"line":44,"column":13}},"23":{"start":{"line":45,"column":4},"end":{"line":45,"column":22}},"24":{"start":{"line":47,"column":4},"end":{"line":47,"column":77}},"25":{"start":{"line":51,"column":28},"end":{"line":92,"column":1}},"26":{"start":{"line":52,"column":2},"end":{"line":91,"column":3}},"27":{"start":{"line":53,"column":57},"end":{"line":53,"column":65}},"28":{"start":{"line":55,"column":4},"end":{"line":57,"column":5}},"29":{"start":{"line":56,"column":6},"end":{"line":56,"column":74}},"30":{"start":{"line":58,"column":4},"end":{"line":60,"column":5}},"31":{"start":{"line":59,"column":6},"end":{"line":59,"column":82}},"32":{"start":{"line":61,"column":4},"end":{"line":65,"column":5}},"33":{"start":{"line":62,"column":6},"end":{"line":64,"column":72}},"34":{"start":{"line":66,"column":4},"end":{"line":68,"column":5}},"35":{"start":{"line":67,"column":6},"end":{"line":67,"column":74}},"36":{"start":{"line":69,"column":4},"end":{"line":73,"column":5}},"37":{"start":{"line":70,"column":6},"end":{"line":72,"column":70}},"38":{"start":{"line":75,"column":19},"end":{"line":82,"column":6}},"39":{"start":{"line":84,"column":22},"end":{"line":86,"column":13}},"40":{"start":{"line":88,"column":4},"end":{"line":88,"column":36}},"41":{"start":{"line":90,"column":4},"end":{"line":90,"column":78}},"42":{"start":{"line":94,"column":25},"end":{"line":117,"column":1}},"43":{"start":{"line":95,"column":2},"end":{"line":116,"column":3}},"44":{"start":{"line":96,"column":20},"end":{"line":98,"column":13}},"45":{"start":{"line":99,"column":4},"end":{"line":99,"column":50}},"46":{"start":{"line":99,"column":25},"end":{"line":99,"column":50}},"47":{"start":{"line":101,"column":16},"end":{"line":101,"column":41}},"48":{"start":{"line":101,"column":35},"end":{"line":101,"column":40}},"49":{"start":{"line":102,"column":16},"end":{"line":105,"column":6}},"50":{"start":{"line":106,"column":22},"end":{"line":108,"column":5}},"51":{"start":{"line":107,"column":23},"end":{"line":107,"column":62}},"52":{"start":{"line":109,"column":23},"end":{"line":112,"column":7}},"53":{"start":{"line":109,"column":43},"end":{"line":112,"column":5}},"54":{"start":{"line":113,"column":4},"end":{"line":113,"column":25}},"55":{"start":{"line":115,"column":4},"end":{"line":115,"column":82}},"56":{"start":{"line":119,"column":28},"end":{"line":169,"column":1}},"57":{"start":{"line":120,"column":2},"end":{"line":168,"column":3}},"58":{"start":{"line":121,"column":19},"end":{"line":121,"column":55}},"59":{"start":{"line":122,"column":4},"end":{"line":122,"column":78}},"60":{"start":{"line":122,"column":17},"end":{"line":122,"column":78}},"61":{"start":{"line":124,"column":4},"end":{"line":126,"column":5}},"62":{"start":{"line":125,"column":6},"end":{"line":125,"column":85}},"63":{"start":{"line":128,"column":57},"end":{"line":128,"column":65}},"64":{"start":{"line":130,"column":4},"end":{"line":130,"column":65}},"65":{"start":{"line":130,"column":29},"end":{"line":130,"column":65}},"66":{"start":{"line":131,"column":4},"end":{"line":131,"column":83}},"67":{"start":{"line":131,"column":35},"end":{"line":131,"column":83}},"68":{"start":{"line":132,"column":4},"end":{"line":137,"column":5}},"69":{"start":{"line":133,"column":6},"end":{"line":135,"column":7}},"70":{"start":{"line":134,"column":8},"end":{"line":134,"column":84}},"71":{"start":{"line":136,"column":6},"end":{"line":136,"column":25}},"72":{"start":{"line":138,"column":4},"end":{"line":149,"column":5}},"73":{"start":{"line":139,"column":6},"end":{"line":146,"column":7}},"74":{"start":{"line":140,"column":8},"end":{"line":144,"column":9}},"75":{"start":{"line":141,"column":10},"end":{"line":143,"column":76}},"76":{"start":{"line":145,"column":8},"end":{"line":145,"column":50}},"77":{"start":{"line":148,"column":6},"end":{"line":148,"column":27}},"78":{"start":{"line":150,"column":4},"end":{"line":159,"column":5}},"79":{"start":{"line":151,"column":6},"end":{"line":152,"column":76}},"80":{"start":{"line":152,"column":8},"end":{"line":152,"column":76}},"81":{"start":{"line":153,"column":6},"end":{"line":157,"column":7}},"82":{"start":{"line":154,"column":8},"end":{"line":156,"column":72}},"83":{"start":{"line":158,"column":6},"end":{"line":158,"column":32}},"84":{"start":{"line":161,"column":4},"end":{"line":161,"column":24}},"85":{"start":{"line":162,"column":22},"end":{"line":164,"column":13}},"86":{"start":{"line":165,"column":4},"end":{"line":165,"column":24}},"87":{"start":{"line":167,"column":4},"end":{"line":167,"column":78}},"88":{"start":{"line":171,"column":28},"end":{"line":185,"column":1}},"89":{"start":{"line":172,"column":2},"end":{"line":184,"column":3}},"90":{"start":{"line":173,"column":19},"end":{"line":173,"column":55}},"91":{"start":{"line":174,"column":4},"end":{"line":174,"column":78}},"92":{"start":{"line":174,"column":17},"end":{"line":174,"column":78}},"93":{"start":{"line":176,"column":4},"end":{"line":178,"column":5}},"94":{"start":{"line":177,"column":6},"end":{"line":177,"column":87}},"95":{"start":{"line":180,"column":4},"end":{"line":180,"column":29}},"96":{"start":{"line":181,"column":4},"end":{"line":181,"column":44}},"97":{"start":{"line":183,"column":4},"end":{"line":183,"column":78}}},"fnMap":{"0":{"name":"(anonymous_0)","decl":{"start":{"line":4,"column":19},"end":{"line":4,"column":20}},"loc":{"start":{"line":4,"column":28},"end":{"line":11,"column":1}},"line":4},"1":{"name":"(anonymous_1)","decl":{"start":{"line":13,"column":27},"end":{"line":13,"column":28}},"loc":{"start":{"line":13,"column":47},"end":{"line":49,"column":1}},"line":13},"2":{"name":"(anonymous_2)","decl":{"start":{"line":51,"column":28},"end":{"line":51,"column":29}},"loc":{"start":{"line":51,"column":48},"end":{"line":92,"column":1}},"line":51},"3":{"name":"(anonymous_3)","decl":{"start":{"line":94,"column":25},"end":{"line":94,"column":26}},"loc":{"start":{"line":94,"column":45},"end":{"line":117,"column":1}},"line":94},"4":{"name":"(anonymous_4)","decl":{"start":{"line":101,"column":28},"end":{"line":101,"column":29}},"loc":{"start":{"line":101,"column":35},"end":{"line":101,"column":40}},"line":101},"5":{"name":"(anonymous_5)","decl":{"start":{"line":107,"column":14},"end":{"line":107,"column":15}},"loc":{"start":{"line":107,"column":23},"end":{"line":107,"column":62}},"line":107},"6":{"name":"(anonymous_6)","decl":{"start":{"line":109,"column":35},"end":{"line":109,"column":36}},"loc":{"start":{"line":109,"column":43},"end":{"line":112,"column":5}},"line":109},"7":{"name":"(anonymous_7)","decl":{"start":{"line":119,"column":28},"end":{"line":119,"column":29}},"loc":{"start":{"line":119,"column":48},"end":{"line":169,"column":1}},"line":119},"8":{"name":"(anonymous_8)","decl":{"start":{"line":171,"column":28},"end":{"line":171,"column":29}},"loc":{"start":{"line":171,"column":48},"end":{"line":185,"column":1}},"line":171}},"branchMap":{"0":{"loc":{"start":{"line":7,"column":11},"end":{"line":7,"column":60}},"type":"binary-expr","locations":[{"start":{"line":7,"column":11},"end":{"line":7,"column":33}},{"start":{"line":7,"column":37},"end":{"line":7,"column":60}}],"line":7},"1":{"loc":{"start":{"line":15,"column":15},"end":{"line":15,"column":32}},"type":"binary-expr","locations":[{"start":{"line":15,"column":15},"end":{"line":15,"column":26}},{"start":{"line":15,"column":30},"end":{"line":15,"column":32}}],"line":15},"2":{"loc":{"start":{"line":16,"column":18},"end":{"line":16,"column":38}},"type":"binary-expr","locations":[{"start":{"line":16,"column":18},"end":{"line":16,"column":32}},{"start":{"line":16,"column":36},"end":{"line":16,"column":38}}],"line":16},"3":{"loc":{"start":{"line":17,"column":22},"end":{"line":17,"column":46}},"type":"binary-expr","locations":[{"start":{"line":17,"column":22},"end":{"line":17,"column":40}},{"start":{"line":17,"column":44},"end":{"line":17,"column":46}}],"line":17},"4":{"loc":{"start":{"line":18,"column":18},"end":{"line":18,"column":44}},"type":"binary-expr","locations":[{"start":{"line":18,"column":18},"end":{"line":18,"column":32}},{"start":{"line":18,"column":36},"end":{"line":18,"column":44}}],"line":18},"5":{"loc":{"start":{"line":21,"column":4},"end":{"line":23,"column":5}},"type":"if","locations":[{"start":{"line":21,"column":4},"end":{"line":23,"column":5}},{"start":{},"end":{}}],"line":21},"6":{"loc":{"start":{"line":21,"column":8},"end":{"line":21,"column":53}},"type":"binary-expr","locations":[{"start":{"line":21,"column":8},"end":{"line":21,"column":12}},{"start":{"line":21,"column":16},"end":{"line":21,"column":53}}],"line":21},"7":{"loc":{"start":{"line":26,"column":4},"end":{"line":33,"column":5}},"type":"if","locations":[{"start":{"line":26,"column":4},"end":{"line":33,"column":5}},{"start":{},"end":{}}],"line":26},"8":{"loc":{"start":{"line":34,"column":4},"end":{"line":36,"column":5}},"type":"if","locations":[{"start":{"line":34,"column":4},"end":{"line":36,"column":5}},{"start":{},"end":{}}],"line":34},"9":{"loc":{"start":{"line":37,"column":4},"end":{"line":37,"column":38}},"type":"if","locations":[{"start":{"line":37,"column":4},"end":{"line":37,"column":38}},{"start":{},"end":{}}],"line":37},"10":{"loc":{"start":{"line":39,"column":21},"end":{"line":39,"column":77}},"type":"cond-expr","locations":[{"start":{"line":39,"column":41},"end":{"line":39,"column":57}},{"start":{"line":39,"column":60},"end":{"line":39,"column":77}}],"line":39},"11":{"loc":{"start":{"line":47,"column":36},"end":{"line":47,"column":73}},"type":"binary-expr","locations":[{"start":{"line":47,"column":36},"end":{"line":47,"column":45}},{"start":{"line":47,"column":49},"end":{"line":47,"column":73}}],"line":47},"12":{"loc":{"start":{"line":55,"column":4},"end":{"line":57,"column":5}},"type":"if","locations":[{"start":{"line":55,"column":4},"end":{"line":57,"column":5}},{"start":{},"end":{}}],"line":55},"13":{"loc":{"start":{"line":55,"column":8},"end":{"line":55,"column":39}},"type":"binary-expr","locations":[{"start":{"line":55,"column":8},"end":{"line":55,"column":14}},{"start":{"line":55,"column":18},"end":{"line":55,"column":39}}],"line":55},"14":{"loc":{"start":{"line":58,"column":4},"end":{"line":60,"column":5}},"type":"if","locations":[{"start":{"line":58,"column":4},"end":{"line":60,"column":5}},{"start":{},"end":{}}],"line":58},"15":{"loc":{"start":{"line":61,"column":4},"end":{"line":65,"column":5}},"type":"if","locations":[{"start":{"line":61,"column":4},"end":{"line":65,"column":5}},{"start":{},"end":{}}],"line":61},"16":{"loc":{"start":{"line":61,"column":8},"end":{"line":61,"column":70}},"type":"binary-expr","locations":[{"start":{"line":61,"column":8},"end":{"line":61,"column":27}},{"start":{"line":61,"column":32},"end":{"line":61,"column":41}},{"start":{"line":61,"column":45},"end":{"line":61,"column":69}}],"line":61},"17":{"loc":{"start":{"line":66,"column":4},"end":{"line":68,"column":5}},"type":"if","locations":[{"start":{"line":66,"column":4},"end":{"line":68,"column":5}},{"start":{},"end":{}}],"line":66},"18":{"loc":{"start":{"line":66,"column":8},"end":{"line":66,"column":37}},"type":"binary-expr","locations":[{"start":{"line":66,"column":8},"end":{"line":66,"column":13}},{"start":{"line":66,"column":17},"end":{"line":66,"column":37}}],"line":66},"19":{"loc":{"start":{"line":69,"column":4},"end":{"line":73,"column":5}},"type":"if","locations":[{"start":{"line":69,"column":4},"end":{"line":73,"column":5}},{"start":{},"end":{}}],"line":69},"20":{"loc":{"start":{"line":78,"column":16},"end":{"line":78,"column":58}},"type":"cond-expr","locations":[{"start":{"line":78,"column":38},"end":{"line":78,"column":53}},{"start":{"line":78,"column":56},"end":{"line":78,"column":58}}],"line":78},"21":{"loc":{"start":{"line":79,"column":19},"end":{"line":79,"column":64}},"type":"cond-expr","locations":[{"start":{"line":79,"column":33},"end":{"line":79,"column":59}},{"start":{"line":79,"column":62},"end":{"line":79,"column":64}}],"line":79},"22":{"loc":{"start":{"line":90,"column":36},"end":{"line":90,"column":74}},"type":"binary-expr","locations":[{"start":{"line":90,"column":36},"end":{"line":90,"column":45}},{"start":{"line":90,"column":49},"end":{"line":90,"column":74}}],"line":90},"23":{"loc":{"start":{"line":99,"column":4},"end":{"line":99,"column":50}},"type":"if","locations":[{"start":{"line":99,"column":4},"end":{"line":99,"column":50}},{"start":{},"end":{}}],"line":99},"24":{"loc":{"start":{"line":111,"column":24},"end":{"line":111,"column":57}},"type":"binary-expr","locations":[{"start":{"line":111,"column":24},"end":{"line":111,"column":52}},{"start":{"line":111,"column":56},"end":{"line":111,"column":57}}],"line":111},"25":{"loc":{"start":{"line":115,"column":36},"end":{"line":115,"column":78}},"type":"binary-expr","locations":[{"start":{"line":115,"column":36},"end":{"line":115,"column":45}},{"start":{"line":115,"column":49},"end":{"line":115,"column":78}}],"line":115},"26":{"loc":{"start":{"line":122,"column":4},"end":{"line":122,"column":78}},"type":"if","locations":[{"start":{"line":122,"column":4},"end":{"line":122,"column":78}},{"start":{},"end":{}}],"line":122},"27":{"loc":{"start":{"line":124,"column":4},"end":{"line":126,"column":5}},"type":"if","locations":[{"start":{"line":124,"column":4},"end":{"line":126,"column":5}},{"start":{},"end":{}}],"line":124},"28":{"loc":{"start":{"line":130,"column":4},"end":{"line":130,"column":65}},"type":"if","locations":[{"start":{"line":130,"column":4},"end":{"line":130,"column":65}},{"start":{},"end":{}}],"line":130},"29":{"loc":{"start":{"line":131,"column":4},"end":{"line":131,"column":83}},"type":"if","locations":[{"start":{"line":131,"column":4},"end":{"line":131,"column":83}},{"start":{},"end":{}}],"line":131},"30":{"loc":{"start":{"line":132,"column":4},"end":{"line":137,"column":5}},"type":"if","locations":[{"start":{"line":132,"column":4},"end":{"line":137,"column":5}},{"start":{},"end":{}}],"line":132},"31":{"loc":{"start":{"line":133,"column":6},"end":{"line":135,"column":7}},"type":"if","locations":[{"start":{"line":133,"column":6},"end":{"line":135,"column":7}},{"start":{},"end":{}}],"line":133},"32":{"loc":{"start":{"line":138,"column":4},"end":{"line":149,"column":5}},"type":"if","locations":[{"start":{"line":138,"column":4},"end":{"line":149,"column":5}},{"start":{"line":147,"column":11},"end":{"line":149,"column":5}}],"line":138},"33":{"loc":{"start":{"line":139,"column":6},"end":{"line":146,"column":7}},"type":"if","locations":[{"start":{"line":139,"column":6},"end":{"line":146,"column":7}},{"start":{},"end":{}}],"line":139},"34":{"loc":{"start":{"line":140,"column":8},"end":{"line":144,"column":9}},"type":"if","locations":[{"start":{"line":140,"column":8},"end":{"line":144,"column":9}},{"start":{},"end":{}}],"line":140},"35":{"loc":{"start":{"line":150,"column":4},"end":{"line":159,"column":5}},"type":"if","locations":[{"start":{"line":150,"column":4},"end":{"line":159,"column":5}},{"start":{},"end":{}}],"line":150},"36":{"loc":{"start":{"line":151,"column":6},"end":{"line":152,"column":76}},"type":"if","locations":[{"start":{"line":151,"column":6},"end":{"line":152,"column":76}},{"start":{},"end":{}}],"line":151},"37":{"loc":{"start":{"line":153,"column":6},"end":{"line":157,"column":7}},"type":"if","locations":[{"start":{"line":153,"column":6},"end":{"line":157,"column":7}},{"start":{},"end":{}}],"line":153},"38":{"loc":{"start":{"line":167,"column":36},"end":{"line":167,"column":74}},"type":"binary-expr","locations":[{"start":{"line":167,"column":36},"end":{"line":167,"column":45}},{"start":{"line":167,"column":49},"end":{"line":167,"column":74}}],"line":167},"39":{"loc":{"start":{"line":174,"column":4},"end":{"line":174,"column":78}},"type":"if","locations":[{"start":
[...]
"loc":{"start":{"line":150,"column":16},"end":{"line":150,"column":31}},"line":150},"8":{"name":"(anonymous_8)","decl":{"start":{"line":178,"column":46},"end":{"line":178,"column":47}},"loc":{"start":{"line":184,"column":5},"end":{"line":205,"column":1}},"line":184},"9":{"name":"(anonymous_9)","decl":{"start":{"line":211,"column":38},"end":{"line":211,"column":39}},"loc":{"start":{"line":211,"column":74},"end":{"line":239,"column":1}},"line":211}},"branchMap":{"0":{"loc":{"start":{"line":99,"column":38},"end":{"line":99,"column":85}},"type":"binary-expr","locations":[{"start":{"line":99,"column":38},"end":{"line":99,"column":57}},{"start":{"line":99,"column":61},"end":{"line":99,"column":85}}],"line":99},"1":{"loc":{"start":{"line":100,"column":38},"end":{"line":100,"column":76}},"type":"binary-expr","locations":[{"start":{"line":100,"column":38},"end":{"line":100,"column":57}},{"start":{"line":100,"column":61},"end":{"line":100,"column":76}}],"line":100},"2":{"loc":{"start":{"line":102,"column":36},"end":{"line":102,"column":99}},"type":"binary-expr","locations":[{"start":{"line":102,"column":36},"end":{"line":102,"column":80}},{"start":{"line":102,"column":84},"end":{"line":102,"column":99}}],"line":102},"3":{"loc":{"start":{"line":102,"column":37},"end":{"line":102,"column":68}},"type":"binary-expr","locations":[{"start":{"line":102,"column":37},"end":{"line":102,"column":62}},{"start":{"line":102,"column":66},"end":{"line":102,"column":68}}],"line":102},"4":{"loc":{"start":{"line":130,"column":46},"end":{"line":130,"column":77}},"type":"binary-expr","locations":[{"start":{"line":130,"column":46},"end":{"line":130,"column":72}},{"start":{"line":130,"column":76},"end":{"line":130,"column":77}}],"line":130},"5":{"loc":{"start":{"line":131,"column":38},"end":{"line":131,"column":67}},"type":"binary-expr","locations":[{"start":{"line":131,"column":38},"end":{"line":131,"column":62}},{"start":{"line":131,"column":66},"end":{"line":131,"column":67}}],"line":131},"6":{"loc":{"start":{"line":213,"column":4},"end":{"line":213,"column":25}},"type":"default-arg","locations":[{"start":{"line":213,"column":24},"end":{"line":213,"column":25}}],"line":213},"7":{"loc":{"start":{"line":214,"column":4},"end":{"line":214,"column":25}},"type":"default-arg","locations":[{"start":{"line":214,"column":24},"end":{"line":214,"column":25}}],"line":214},"8":{"loc":{"start":{"line":215,"column":4},"end":{"line":215,"column":25}},"type":"default-arg","locations":[{"start":{"line":215,"column":24},"end":{"line":215,"column":25}}],"line":215},"9":{"loc":{"start":{"line":216,"column":4},"end":{"line":216,"column":25}},"type":"default-arg","locations":[{"start":{"line":216,"column":24},"end":{"line":216,"column":25}}],"line":216}},"s":{"0":1,"1":0,"2":1,"3":0,"4":0,"5":0,"6":0,"7":1,"8":0,"9":1,"10":0,"11":0,"12":0,"13":0,"14":0,"15":0,"16":1,"17":0,"18":0,"19":1,"20":0,"21":0,"22":1,"23":0,"24":0,"25":0,"26":0,"27":1,"28":0,"29":0,"30":1,"31":0,"32":0,"33":0},"f":{"0":0,"1":0,"2":0,"3":0,"4":0,"5":0,"6":0,"7":0,"8":0,"9":0},"b":{"0":[0,0],"1":[0,0],"2":[0,0],"3":[0,0],"4":[0,0],"5":[0,0],"6":[0],"7":[0],"8":[0],"9":[0]},"_coverageSchema":"1a1c01bbd47fc00a2c39e90264f33305004495a9","hash":"22d89f1e50f60cc08a716c318da5ebd56498052d"}
,"C:\\Users\\aathi\\OneDrive\\Documents\\Aathika\\My_Projects\\SDG-GOAL---Decent-work-and-economic-growth\\backend\\src\\utils\\geocode.js": {"path":"C:\\Users\\aathi\\OneDrive\\Documents\\Aathika\\My_Projects\\SDG-GOAL---Decent-work-and-economic-growth\\backend\\src\\utils\\geocode.js","statementMap":{"0":{"start":{"line":3,"column":30},"end":{"line":28,"column":1}},"1":{"start":{"line":4,"column":2},"end":{"line":27,"column":3}},"2":{"start":{"line":5,"column":21},"end":{"line":14,"column":5}},"3":{"start":{"line":16,"column":20},"end":{"line":16,"column":41}},"4":{"start":{"line":18,"column":4},"end":{"line":21,"column":5}},"5":{"start":{"line":19,"column":27},"end":{"line":19,"column":46}},"6":{"start":{"line":20,"column":6},"end":{"line":20,"column":26}},"7":{"start":{"line":23,"column":4},"end":{"line":23,"column":16}},"8":{"start":{"line":25,"column":4},"end":{"line":25,"column":53}},"9":{"start":{"line":26,"column":4},"end":{"line":26,"column":16}}},"fnMap":{"0":{"name":"(anonymous_0)","decl":{"start":{"line":3,"column":30},"end":{"line":3,"column":31}},"loc":{"start":{"line":3,"column":56},"end":{"line":28,"column":1}},"line":3}},"branchMap":{"0":{"loc":{"start":{"line":18,"column":4},"end":{"line":21,"column":5}},"type":"if","locations":[{"start":{"line":18,"column":4},"end":{"line":21,"column":5}},{"start":{},"end":{}}],"line":18},"1":{"loc":{"start":{"line":18,"column":8},"end":{"line":18,"column":37}},"type":"binary-expr","locations":[{"start":{"line":18,"column":8},"end":{"line":18,"column":15}},{"start":{"line":18,"column":19},"end":{"line":18,"column":37}}],"line":18}},"s":{"0":1,"1":0,"2":0,"3":0,"4":0,"5":0,"6":0,"7":0,"8":0,"9":0},"f":{"0":0},"b":{"0":[0,0],"1":[0,0]},"_coverageSchema":"1a1c01bbd47fc00a2c39e90264f33305004495a9","hash":"112441a7254984c37108cd5e5aa4e4a3f65b60da"}
,"C:\\Users\\aathi\\OneDrive\\Documents\\Aathika\\My_Projects\\SDG-GOAL---Decent-work-and-economic-growth\\backend\\src\\utils\\openaiChatClient.js": {"path":"C:\\Users\\aathi\\OneDrive\\Documents\\Aathika\\My_Projects\\SDG-GOAL---Decent-work-and-economic-growth\\backend\\src\\utils\\openaiChatClient.js","statementMap":{"0":{"start":{"line":4,"column":2},"end":{"line":4,"column":47}},"1":{"start":{"line":4,"column":28},"end":{"line":4,"column":45}},"2":{"start":{"line":11,"column":12},"end":{"line":11,"column":25}},"3":{"start":{"line":12,"column":13},"end":{"line":12,"column":75}},"4":{"start":{"line":13,"column":2},"end":{"line":15,"column":3}},"5":{"start":{"line":14,"column":4},"end":{"line":14,"column":65}},"6":{"start":{"line":16,"column":14},"end":{"line":16,"column":51}},"7":{"start":{"line":17,"column":2},"end":{"line":17,"column":47}},"8":{"start":{"line":31,"column":14},"end":{"line":31,"column":70}},"9":{"start":{"line":32,"column":18},"end":{"line":35,"column":3}},"10":{"start":{"line":37,"column":24},"end":{"line":40,"column":3}},"11":{"start":{"line":42,"column":17},"end":{"line":42,"column":21}},"12":{"start":{"line":43,"column":2},"end":{"line":67,"column":3}},"13":{"start":{"line":43,"column":24},"end":{"line":43,"column":25}},"14":{"start":{"line":44,"column":20},"end":{"line":48,"column":6}},"15":{"start":{"line":47,"column":28},"end":{"line":47,"column":32}},"16":{"start":{"line":49,"column":4},"end":{"line":49,"column":23}},"17":{"start":{"line":51,"column":4},"end":{"line":53,"column":5}},"18":{"start":{"line":52,"column":6},"end":{"line":52,"column":21}},"19":{"start":{"line":55,"column":4},"end":{"line":60,"column":5}},"20":{"start":{"line":56,"column":6},"end":{"line":58,"column":8}},"21":{"start":{"line":59,"column":6},"end":{"line":59,"column":22}},"22":{"start":{"line":62,"column":19},"end":{"line":62,"column":63}},"23":{"start":{"line":63,"column":4},"end":{"line":65,"column":6}},"24":{"start":{"line":66,"column":4},"end":{"line":66,"column":24}}},"fnMap":{"0":{"name":"sleep","decl":{"start":{"line":3,"column":9},"end":{"line":3,"column":14}},"loc":{"start":{"line":3,"column":19},"end":{"line":5,"column":1}},"line":3},"1":{"name":"(anonymous_1)","decl":{"start":{"line":4,"column":21},"end":{"line":4,"column":22}},"loc":{"start":{"line":4,"column":28},"end":{"line":4,"column":45}},"line":4},"2":{"name":"backoffMsFor429","decl":{"start":{"line":10,"column":9},"end":{"line":10,"column":24}},"loc":{"start":{"line":10,"column":43},"end":{"line":18,"column":1}},"line":10},"3":{"name":"postOpenAIChatCompletion","decl":{"start":{"line":24,"column":22},"end":{"line":24,"column":46}},"loc":{"start":{"line":30,"column":3},"end":{"line":68,"column":1}},"line":30},"4":{"name":"(anonymous_4)","decl":{"start":{"line":47,"column":22},"end":{"line":47,"column":23}},"loc":{"start":{"line":47,"column":28},"end":{"line":47,"column":32}},"line":47}},"branchMap":{"0":{"loc":{"start":{"line":11,"column":12},"end":{"line":11,"column":25}},"type":"binary-expr","locations":[{"start":{"line":11,"column":12},"end":{"line":11,"column":19}},{"start":{"line":11,"column":23},"end":{"line":11,"column":25}}],"line":11},"1":{"loc":{"start":{"line":12,"column":31},"end":{"line":12,"column":73}},"type":"binary-expr","locations":[{"start":{"line":12,"column":31},"end":{"line":12,"column":47}},{"start":{"line":12,"column":51},"end":{"line":12,"column":67}},{"start":{"line":12,"column":71},"end":{"line":12,"column":73}}],"line":12},"2":{"loc":{"start":{"line":13,"column":2},"end":{"line":15,"column":3}},"type":"if","locations":[{"start":{"line":13,"column":2},"end":{"line":15,"column":3}},{"start":{},"end":{}}],"line":13},"3":{"loc":{"start":{"line":13,"column":6},"end":{"line":13,"column":33}},"type":"binary-expr","locations":[{"start":{"line":13,"column":6},"end":{"line":13,"column":23}},{"start":{"line":13,"column":27},"end":{"line":13,"column":33}}],"line":13},"4":{"loc":{"start":{"line":28,"column":2},"end":{"line":28,"column":21}},"type":"default-arg","locations":[{"start":{"line":28,"column":14},"end":{"line":28,"column":21}}],"line":28},"5":{"loc":{"start":{"line":29,"column":2},"end":{"line":29,"column":21}},"type":"default-arg","locations":[{"start":{"line":29,"column":11},"end":{"line":29,"column":21}}],"line":29},"6":{"loc":{"start":{"line":39,"column":16},"end":{"line":39,"column":83}},"type":"binary-expr","locations":[{"start":{"line":39,"column":16},"end":{"line":39,"column":78}},{"start":{"line":39,"column":82},"end":{"line":39,"column":83}}],"line":39},"7":{"loc":{"start":{"line":39,"column":32},"end":{"line":39,"column":73}},"type":"binary-expr","locations":[{"start":{"line":39,"column":32},"end":{"line":39,"column":66}},{"start":{"line":39,"column":70},"end":{"line":39,"column":73}}],"line":39},"8":{"loc":{"start":{"line":51,"column":4},"end":{"line":53,"column":5}},"type":"if","locations":[{"start":{"line":51,"column":4},"end":{"line":53,"column":5}},{"start":{},"end":{}}],"line":51},"9":{"loc":{"start":{"line":55,"column":4},"end":{"line":60,"column":5}},"type":"if","locations":[{"start":{"line":55,"column":4},"end":{"line":60,"column":5}},{"start":{},"end":{}}],"line":55}},"s":{"0":0,"1":0,"2":0,"3":0,"4":0,"5":0,"6":0,"7":0,"8":0,"9":0,"10":0,"11":0,"12":0,"13":0,"14":0,"15":0,"16":0,"17":0,"18":0,"19":0,"20":0,"21":0,"22":0,"23":0,"24":0},"f":{"0":0,"1":0,"2":0,"3":0,"4":0},"b":{"0":[0,0],"1":[0,0,0],"2":[0,0],"3":[0,0],"4":[0],"5":[0],"6":[0,0],"7":[0,0],"8":[0,0],"9":[0,0]}}
,"C:\\Users\\aathi\\OneDrive\\Documents\\Aathika\\My_Projects\\SDG-GOAL---Decent-work-and-economic-growth\\backend\\src\\utils\\openaiChatError.js": {"path":"C:\\Users\\aathi\\OneDrive\\Documents\\Aathika\\My_Projects\\SDG-GOAL---Decent-work-and-economic-growth\\backend\\src\\utils\\openaiChatError.js","statementMap":{"0":{"start":{"line":5,"column":17},"end":{"line":5,"column":37}},"1":{"start":{"line":6,"column":13},"end":{"line":6,"column":31}},"2":{"start":{"line":7,"column":2},"end":{"line":9,"column":3}},"3":{"start":{"line":8,"column":4},"end":{"line":8,"column":43}},"4":{"start":{"line":10,"column":14},"end":{"line":10,"column":25}},"5":{"start":{"line":11,"column":15},"end":{"line":11,"column":74}},"6":{"start":{"line":13,"column":2},"end":{"line":19,"column":3}},"7":{"start":{"line":14,"column":4},"end":{"line":18,"column":6}},"8":{"start":{"line":20,"column":2},"end":{"line":26,"column":3}},"9":{"start":{"line":21,"column":4},"end":{"line":25,"column":6}},"10":{"start":{"line":28,"column":2},"end":{"line":34,"column":3}},"11":{"start":{"line":29,"column":4},"end":{"line":33,"column":6}},"12":{"start":{"line":36,"column":2},"end":{"line":42,"column":3}},"13":{"start":{"line":37,"column":4},"end":{"line":41,"column":6}},"14":{"start":{"line":44,"column":2},"end":{"line":49,"column":3}},"15":{"start":{"line":45,"column":4},"end":{"line":48,"column":6}},"16":{"start":{"line":51,"column":18},"end":{"line":51,"column":27}},"17":{"start":{"line":52,"column":2},"end":{"line":61,"column":3}},"18":{"start":{"line":56,"column":4},"end":{"line":60,"column":6}},"19":{"start":{"line":63,"column":2},"end":{"line":69,"column":3}},"20":{"start":{"line":64,"column":4},"end":{"line":68,"column":6}},"21":{"start":{"line":71,"column":2},"end":{"line":79,"column":3}},"22":{"start":{"line":75,"column":4},"end":{"line":78,"column":6}},"23":{"start":{"line":81,"column":2},"end":{"line":87,"column":3}},"24":{"start":{"line":82,"column":4},"end":{"line":86,"column":6}},"25":{"start":{"line":89,"column":2},"end":{"line":91,"column":3}},"26":{"start":{"line":90,"column":4},"end":{"line":90,"column":64}},"27":{"start":{"line":93,"column":2},"end":{"line":97,"column":4}}},"fnMap":{"0":{"name":"resolveOpenAIRequestError","decl":{"start":{"line":4,"column":16},"end":{"line":4,"column":41}},"loc":{"start":{"line":4,"column":47},"end":{"line":98,"column":1}},"line":4}},"branchMap":{"0":{"loc":{"start":{"line":7,"column":2},"end":{"line":9,"column":3}},"type":"if","locations":[{"start":{"line":7,"column":2},"end":{"line":9,"column":3}},{"start":{},"end":{}}],"line":7},"1":{"loc":{"start":{"line":11,"column":16},"end":{"line":11,"column":66}},"type":"binary-expr","locations":[{"start":{"line":11,"column":16},"end":{"line":11,"column":28}},{"start":{"line":11,"column":32},"end":{"line":11,"column":45}},{"start":{"line":11,"column":49},"end":{"line":11,"column":60}},{"start":{"line":11,"column":64},"end":{"line":11,"column":66}}],"line":11},"2":{"loc":{"start":{"line":13,"column":2},"end":{"line":19,"column":3}},"type":"if","locations":[{"start":{"line":13,"column":2},"end":{"line":19,"column":3}},{"start":{},"end":{}}],"line":13},"3":{"loc":{"start":{"line":13,"column":6},"end":{"line":13,"column":61}},"type":"binary-expr","locations":[{"start":{"line":13,"column":6},"end":{"line":13,"column":33}},{"start":{"line":13,"column":37},"end":{"line":13,"column":61}}],"line":13},"4":{"loc":{"start":{"line":20,"column":2},"end":{"line":26,"column":3}},"type":"if","locations":[{"start":{"line":20,"column":2},"end":{"line":26,"column":3}},{"start":{},"end":{}}],"line":20},"5":{"loc":{"start":{"line":20,"column":6},"end":{"line":20,"column":61}},"type":"binary-expr","locations":[{"start":{"line":20,"column":6},"end":{"line":20,"column":30}},{"start":{"line":20,"column":34},"end":{"line":20,"column":61}}],"line":20},"6":{"loc":{"start":{"line":28,"column":2},"end":{"line":34,"column":3}},"type":"if","locations":[{"start":{"line":28,"column":2},"end":{"line":34,"column":3}},{"start":{},"end":{}}],"line":28},"7":{"loc":{"start":{"line":36,"column":2},"end":{"line":42,"column":3}},"type":"if","locations":[{"start":{"line":36,"column":2},"end":{"line":42,"column":3}},{"start":{},"end":{}}],"line":36},"8":{"loc":{"start":{"line":44,"column":2},"end":{"line":49,"column":3}},"type":"if","locations":[{"start":{"line":44,"column":2},"end":{"line":49,"column":3}},{"start":{},"end":{}}],"line":44},"9":{"loc":{"start":{"line":44,"column":6},"end":{"line":44,"column":57}},"type":"binary-expr","locations":[{"start":{"line":44,"column":6},"end":{"line":44,"column":20}},{"start":{"line":44,"column":24},"end":{"line":44,"column":57}}],"line":44},"10":{"loc":{"start":{"line":52,"column":2},"end":{"line":61,"column":3}},"type":"if","locations":[{"start":{"line":52,"column":2},"end":{"line":61,"column":3}},{"start":{},"end":{}}],"line":52},"11":{"loc":{"start":{"line":53,"column":4},"end":{"line":54,"column":78}},"type":"binary-expr","locations":[{"start":{"line":53,"column":4},"end":{"line":53,"column":36}},{"start":{"line":54,"column":4},"end":{"line":54,"column":78}}],"line":53},"12":{"loc":{"start":{"line":63,"column":2},"end":{"line":69,"column":3}},"type":"if","locations":[{"start":{"line":63,"column":2},"end":{"line":69,"column":3}},{"start":{},"end":{}}],"line":63},"13":{"loc":{"start":{"line":63,"column":6},"end":{"line":63,"column":68}},"type":"binary-expr","locations":[{"start":{"line":63,"column":6},"end":{"line":63,"column":35}},{"start":{"line":63,"column":39},"end":{"line":63,"column":68}}],"line":63},"14":{"loc":{"start":{"line":71,"column":2},"end":{"line":79,"column":3}},"type":"if","locations":[{"start":{"line":71,"column":2},"end":{"line":79,"column":3}},{"start":{},"end":{}}],"line":71},"15":{"loc":{"start":{"line":72,"column":4},"end":{"line":73,"column":70}},"type":"binary-expr","locations":[{"start":{"line":72,"column":4},"end":{"line":72,"column":33}},{"start":{"line":73,"column":4},"end":{"line":73,"column":70}}],"line":72},"16":{"loc":{"start":{"line":76,"column":31},"end":{"line":76,"column":48}},"type":"binary-expr","locations":[{"start":{"line":76,"column":31},"end":{"line":76,"column":35}},{"start":{"line":76,"column":39},"end":{"line":76,"column":48}}],"line":76},"17":{"loc":{"start":{"line":81,"column":2},"end":{"line":87,"column":3}},"type":"if","locations":[{"start":{"line":81,"column":2},"end":{"line":87,"column":3}},{"start":{},"end":{}}],"line":81},"18":{"loc":{"start":{"line":89,"column":2},"end":{"line":91,"column":3}},"type":"if","locations":[{"start":{"line":89,"column":2},"end":{"line":91,"column":3}},{"start":{},"end":{}}],"line":89}},"s":{"0":0,"1":0,"2":0,"3":0,"4":0,"5":0,"6":0,"7":0,"8":0,"9":0,"10":0,"11":0,"12":0,"13":0,"14":0,"15":0,"16":0,"17":0,"18":0,"19":0,"20":0,"21":0,"22":0,"23":0,"24":0,"25":0,"26":0,"27":0},"f":{"0":0},"b":{"0":[0,0],"1":[0,0,0,0],"2":[0,0],"3":[0,0],"4":[0,0],"5":[0,0],"6":[0,0],"7":[0,0],"8":[0,0],"9":[0,0],"10":[0,0],"11":[0,0],"12":[0,0],"13":[0,0],"14":[0,0],"15":[0,0],"16":[0,0],"17":[0,0],"18":[0,0]}}
,"C:\\Users\\aathi\\OneDrive\\Documents\\Aathika\\My_Projects\\SDG-GOAL---Decent-work-and-economic-growth\\backend\\src\\utils\\openaiConfig.js": {"path":"C:\\Users\\aathi\\OneDrive\\Documents\\Aathika\\My_Projects\\SDG-GOAL---Decent-work-and-economic-growth\\backend\\src\\utils\\openaiConfig.js","statementMap":{"0":{"start":{"line":6,"column":14},"end":{"line":6,"column":66}},"1":{"start":{"line":7,"column":2},"end":{"line":7,"column":29}},"2":{"start":{"line":7,"column":19},"end":{"line":7,"column":29}},"3":{"start":{"line":8,"column":12},"end":{"line":8,"column":30}},"4":{"start":{"line":10,"column":2},"end":{"line":12,"column":3}},"5":{"start":{"line":11,"column":4},"end":{"line":11,"column":33}},"6":{"start":{"line":13,"column":2},"end":{"line":13,"column":11}},"7":{"start":{"line":17,"column":2},"end":{"line":17,"column":38}}},"fnMap":{"0":{"name":"getOpenAIApiKey","decl":{"start":{"line":5,"column":16},"end":{"line":5,"column":31}},"loc":{"start":{"line":5,"column":34},"end":{"line":14,"column":1}},"line":5},"1":{"name":"isOpenAIConfigured","decl":{"start":{"line":16,"column":16},"end":{"line":16,"column":34}},"loc":{"start":{"line":16,"column":37},"end":{"line":18,"column":1}},"line":16}},"branchMap":{"0":{"loc":{"start":{"line":6,"column":14},"end":{"line":6,"column":66}},"type":"binary-expr","locations":[{"start":{"line":6,"column":14},"end":{"line":6,"column":40}},{"start":{"line":6,"column":44},"end":{"line":6,"column":66}}],"line":6},"1":{"loc":{"start":{"line":7,"column":2},"end":{"line":7,"column":29}},"type":"if","locations":[{"start":{"line":7,"column":2},"end":{"line":7,"column":29}},{"start":{},"end":{}}],"line":7},"2":{"loc":{"start":{"line":10,"column":2},"end":{"line":12,"column":3}},"type":"if","locations":[{"start":{"line":10,"column":2},"end":{"line":12,"column":3}},{"start":{},"end":{}}],"line":10},"3":{"loc":{"start":{"line":10,"column":6},"end":{"line":10,"column":86}},"type":"binary-expr","locations":[{"start":{"line":10,"column":7},"end":{"line":10,"column":24}},{"start":{"line":10,"column":28},"end":{"line":10,"column":43}},{"start":{"line":10,"column":49},"end":{"line":10,"column":66}},{"start":{"line":10,"column":70},"end":{"line":10,"column":85}}],"line":10}},"s":{"0":0,"1":0,"2":0,"3":0,"4":0,"5":0,"6":0,"7":0},"f":{"0":0,"1":0},"b":{"0":[0,0],"1":[0,0],"2":[0,0],"3":[0,0,0,0]}}
}
